{"/home/dmrcode/Desktop/aegis/packages/aegis-audit/src/services/audit-trail.service.ts": {"path":"/home/dmrcode/Desktop/aegis/packages/aegis-audit/src/services/audit-trail.service.ts","statementMap":{"0":{"start":{"line":6,"column":0},"end":{"line":6,"column":47}},"1":{"start":{"line":7,"column":0},"end":{"line":7,"column":33}},"2":{"start":{"line":20,"column":0},"end":{"line":20,"column":null}},"3":{"start":{"line":41,"column":35},"end":{"line":41,"column":38}},"4":{"start":{"line":42,"column":39},"end":{"line":42,"column":41}},"5":{"start":{"line":43,"column":40},"end":{"line":43,"column":43}},"6":{"start":{"line":44,"column":35},"end":{"line":44,"column":39}},"7":{"start":{"line":50,"column":4},"end":{"line":50,"column":25}},"8":{"start":{"line":51,"column":4},"end":{"line":58,"column":6}},"9":{"start":{"line":93,"column":4},"end":{"line":99,"column":5}},"10":{"start":{"line":94,"column":6},"end":{"line":98,"column":9}},"11":{"start":{"line":100,"column":4},"end":{"line":106,"column":5}},"12":{"start":{"line":101,"column":6},"end":{"line":105,"column":9}},"13":{"start":{"line":107,"column":4},"end":{"line":113,"column":5}},"14":{"start":{"line":108,"column":6},"end":{"line":112,"column":9}},"15":{"start":{"line":115,"column":15},"end":{"line":115,"column":32}},"16":{"start":{"line":116,"column":27},"end":{"line":116,"column":58}},"17":{"start":{"line":117,"column":26},"end":{"line":117,"column":74}},"18":{"start":{"line":118,"column":21},"end":{"line":118,"column":66}},"19":{"start":{"line":120,"column":4},"end":{"line":193,"column":5}},"20":{"start":{"line":122,"column":18},"end":{"line":139,"column":8}},"21":{"start":{"line":141,"column":6},"end":{"line":146,"column":9}},"22":{"start":{"line":148,"column":6},"end":{"line":148,"column":37}},"23":{"start":{"line":151,"column":6},"end":{"line":155,"column":9}},"24":{"start":{"line":157,"column":6},"end":{"line":192,"column":7}},"25":{"start":{"line":158,"column":26},"end":{"line":176,"column":10}},"26":{"start":{"line":178,"column":8},"end":{"line":178,"column":76}},"27":{"start":{"line":179,"column":8},"end":{"line":179,"column":45}},"28":{"start":{"line":182,"column":8},"end":{"line":186,"column":11}},"29":{"start":{"line":187,"column":8},"end":{"line":191,"column":11}},"30":{"start":{"line":217,"column":73},"end":{"line":217,"column":80}},"31":{"start":{"line":220,"column":17},"end":{"line":220,"column":50}},"32":{"start":{"line":221,"column":21},"end":{"line":223,"column":null}},"33":{"start":{"line":225,"column":17},"end":{"line":225,"column":38}},"34":{"start":{"line":228,"column":39},"end":{"line":228,"column":41}},"35":{"start":{"line":229,"column":4},"end":{"line":229,"column":38}},"36":{"start":{"line":229,"column":16},"end":{"line":229,"column":38}},"37":{"start":{"line":230,"column":4},"end":{"line":230,"column":50}},"38":{"start":{"line":230,"column":20},"end":{"line":230,"column":50}},"39":{"start":{"line":231,"column":4},"end":{"line":231,"column":38}},"40":{"start":{"line":231,"column":16},"end":{"line":231,"column":38}},"41":{"start":{"line":232,"column":4},"end":{"line":232,"column":44}},"42":{"start":{"line":232,"column":18},"end":{"line":232,"column":44}},"43":{"start":{"line":233,"column":4},"end":{"line":237,"column":5}},"44":{"start":{"line":234,"column":6},"end":{"line":234,"column":27}},"45":{"start":{"line":235,"column":6},"end":{"line":235,"column":53}},"46":{"start":{"line":235,"column":21},"end":{"line":235,"column":53}},"47":{"start":{"line":236,"column":6},"end":{"line":236,"column":49}},"48":{"start":{"line":236,"column":19},"end":{"line":236,"column":49}},"49":{"start":{"line":240,"column":20},"end":{"line":240,"column":54}},"50":{"start":{"line":243,"column":26},"end":{"line":251,"column":6}},"51":{"start":{"line":253,"column":4},"end":{"line":259,"column":6}},"52":{"start":{"line":254,"column":30},"end":{"line":254,"column":53}},"53":{"start":{"line":277,"column":4},"end":{"line":283,"column":5}},"54":{"start":{"line":278,"column":6},"end":{"line":282,"column":9}},"55":{"start":{"line":285,"column":16},"end":{"line":287,"column":6}},"56":{"start":{"line":289,"column":4},"end":{"line":289,"column":48}},"57":{"start":{"line":315,"column":41},"end":{"line":315,"column":63}},"58":{"start":{"line":316,"column":4},"end":{"line":322,"column":5}},"59":{"start":{"line":317,"column":6},"end":{"line":321,"column":9}},"60":{"start":{"line":324,"column":21},"end":{"line":326,"column":6}},"61":{"start":{"line":328,"column":4},"end":{"line":335,"column":5}},"62":{"start":{"line":330,"column":8},"end":{"line":330,"column":58}},"63":{"start":{"line":332,"column":8},"end":{"line":332,"column":39}},"64":{"start":{"line":334,"column":8},"end":{"line":334,"column":45}},"65":{"start":{"line":357,"column":4},"end":{"line":363,"column":5}},"66":{"start":{"line":358,"column":6},"end":{"line":362,"column":9}},"67":{"start":{"line":365,"column":87},"end":{"line":365,"column":94}},"68":{"start":{"line":366,"column":22},"end":{"line":366,"column":75}},"69":{"start":{"line":368,"column":39},"end":{"line":368,"column":49}},"70":{"start":{"line":369,"column":4},"end":{"line":369,"column":53}},"71":{"start":{"line":369,"column":26},"end":{"line":369,"column":53}},"72":{"start":{"line":370,"column":4},"end":{"line":370,"column":72}},"73":{"start":{"line":370,"column":31},"end":{"line":370,"column":72}},"74":{"start":{"line":372,"column":17},"end":{"line":384,"column":6}},"75":{"start":{"line":386,"column":4},"end":{"line":393,"column":8}},"76":{"start":{"line":386,"column":30},"end":{"line":393,"column":6}},"77":{"start":{"line":416,"column":4},"end":{"line":422,"column":5}},"78":{"start":{"line":417,"column":6},"end":{"line":421,"column":9}},"79":{"start":{"line":423,"column":4},"end":{"line":429,"column":5}},"80":{"start":{"line":424,"column":6},"end":{"line":428,"column":9}},"81":{"start":{"line":431,"column":17},"end":{"line":438,"column":6}},"82":{"start":{"line":440,"column":4},"end":{"line":440,"column":54}},"83":{"start":{"line":440,"column":29},"end":{"line":440,"column":52}},"84":{"start":{"line":462,"column":4},"end":{"line":468,"column":5}},"85":{"start":{"line":463,"column":6},"end":{"line":467,"column":9}},"86":{"start":{"line":470,"column":22},"end":{"line":470,"column":52}},"87":{"start":{"line":471,"column":73},"end":{"line":471,"column":80}},"88":{"start":{"line":474,"column":39},"end":{"line":474,"column":41}},"89":{"start":{"line":477,"column":4},"end":{"line":477,"column":38}},"90":{"start":{"line":477,"column":16},"end":{"line":477,"column":38}},"91":{"start":{"line":478,"column":4},"end":{"line":478,"column":50}},"92":{"start":{"line":478,"column":20},"end":{"line":478,"column":50}},"93":{"start":{"line":479,"column":4},"end":{"line":479,"column":38}},"94":{"start":{"line":479,"column":16},"end":{"line":479,"column":38}},"95":{"start":{"line":480,"column":4},"end":{"line":480,"column":44}},"96":{"start":{"line":480,"column":18},"end":{"line":480,"column":44}},"97":{"start":{"line":481,"column":4},"end":{"line":485,"column":5}},"98":{"start":{"line":482,"column":6},"end":{"line":482,"column":27}},"99":{"start":{"line":483,"column":6},"end":{"line":483,"column":53}},"100":{"start":{"line":483,"column":21},"end":{"line":483,"column":53}},"101":{"start":{"line":484,"column":6},"end":{"line":484,"column":49}},"102":{"start":{"line":484,"column":19},"end":{"line":484,"column":49}},"103":{"start":{"line":488,"column":4},"end":{"line":492,"column":6}},"104":{"start":{"line":494,"column":17},"end":{"line":498,"column":6}},"105":{"start":{"line":500,"column":4},"end":{"line":500,"column":54}},"106":{"start":{"line":500,"column":29},"end":{"line":500,"column":52}},"107":{"start":{"line":521,"column":4},"end":{"line":527,"column":5}},"108":{"start":{"line":522,"column":6},"end":{"line":526,"column":9}},"109":{"start":{"line":530,"column":22},"end":{"line":532,"column":6}},"110":{"start":{"line":534,"column":4},"end":{"line":537,"column":5}},"111":{"start":{"line":535,"column":6},"end":{"line":535,"column":64}},"112":{"start":{"line":536,"column":6},"end":{"line":536,"column":19}},"113":{"start":{"line":540,"column":4},"end":{"line":543,"column":5}},"114":{"start":{"line":541,"column":6},"end":{"line":541,"column":82}},"115":{"start":{"line":542,"column":6},"end":{"line":542,"column":19}},"116":{"start":{"line":545,"column":4},"end":{"line":579,"column":5}},"117":{"start":{"line":547,"column":6},"end":{"line":562,"column":9}},"118":{"start":{"line":565,"column":6},"end":{"line":567,"column":9}},"119":{"start":{"line":569,"column":6},"end":{"line":573,"column":9}},"120":{"start":{"line":575,"column":6},"end":{"line":575,"column":18}},"121":{"start":{"line":577,"column":6},"end":{"line":577,"column":80}},"122":{"start":{"line":578,"column":6},"end":{"line":578,"column":19}},"123":{"start":{"line":602,"column":4},"end":{"line":608,"column":5}},"124":{"start":{"line":603,"column":6},"end":{"line":607,"column":9}},"125":{"start":{"line":611,"column":4},"end":{"line":617,"column":5}},"126":{"start":{"line":612,"column":6},"end":{"line":616,"column":9}},"127":{"start":{"line":619,"column":19},"end":{"line":623,"column":6}},"128":{"start":{"line":625,"column":4},"end":{"line":628,"column":7}},"129":{"start":{"line":630,"column":4},"end":{"line":630,"column":24}},"130":{"start":{"line":651,"column":4},"end":{"line":657,"column":5}},"131":{"start":{"line":652,"column":6},"end":{"line":656,"column":9}},"132":{"start":{"line":659,"column":17},"end":{"line":663,"column":6}},"133":{"start":{"line":665,"column":4},"end":{"line":665,"column":54}},"134":{"start":{"line":665,"column":29},"end":{"line":665,"column":52}},"135":{"start":{"line":690,"column":4},"end":{"line":696,"column":5}},"136":{"start":{"line":691,"column":6},"end":{"line":695,"column":9}},"137":{"start":{"line":699,"column":4},"end":{"line":705,"column":5}},"138":{"start":{"line":700,"column":6},"end":{"line":704,"column":9}},"139":{"start":{"line":708,"column":25},"end":{"line":730,"column":6}},"140":{"start":{"line":709,"column":17},"end":{"line":709,"column":34}},"141":{"start":{"line":710,"column":29},"end":{"line":710,"column":64}},"142":{"start":{"line":711,"column":28},"end":{"line":711,"column":80}},"143":{"start":{"line":712,"column":23},"end":{"line":712,"column":72}},"144":{"start":{"line":714,"column":6},"end":{"line":729,"column":8}},"145":{"start":{"line":732,"column":19},"end":{"line":734,"column":6}},"146":{"start":{"line":736,"column":4},"end":{"line":739,"column":7}},"147":{"start":{"line":741,"column":4},"end":{"line":741,"column":24}},"148":{"start":{"line":752,"column":4},"end":{"line":769,"column":6}},"149":{"start":{"line":777,"column":4},"end":{"line":779,"column":5}},"150":{"start":{"line":778,"column":6},"end":{"line":778,"column":35}},"151":{"start":{"line":781,"column":27},"end":{"line":781,"column":29}},"152":{"start":{"line":783,"column":4},"end":{"line":794,"column":5}},"153":{"start":{"line":784,"column":33},"end":{"line":784,"column":48}},"154":{"start":{"line":785,"column":6},"end":{"line":785,"column":27}},"155":{"start":{"line":785,"column":18},"end":{"line":785,"column":27}},"156":{"start":{"line":788,"column":28},"end":{"line":788,"column":88}},"157":{"start":{"line":789,"column":6},"end":{"line":789,"column":51}},"158":{"start":{"line":789,"column":42},"end":{"line":789,"column":51}},"159":{"start":{"line":791,"column":6},"end":{"line":793,"column":9}},"160":{"start":{"line":796,"column":4},"end":{"line":796,"column":64}},"161":{"start":{"line":803,"column":4},"end":{"line":803,"column":30}},"162":{"start":{"line":803,"column":14},"end":{"line":803,"column":30}},"163":{"start":{"line":804,"column":4},"end":{"line":808,"column":5}},"164":{"start":{"line":805,"column":6},"end":{"line":805,"column":29}},"165":{"start":{"line":807,"column":6},"end":{"line":807,"column":22}},"166":{"start":{"line":815,"column":19},"end":{"line":815,"column":91}},"167":{"start":{"line":816,"column":17},"end":{"line":820,"column":17}},"168":{"start":{"line":818,"column":8},"end":{"line":818,"column":231}},"169":{"start":{"line":822,"column":4},"end":{"line":822,"column":38}},"170":{"start":{"line":829,"column":4},"end":{"line":831,"column":5}},"171":{"start":{"line":830,"column":6},"end":{"line":830,"column":46}},"172":{"start":{"line":832,"column":4},"end":{"line":832,"column":17}},"173":{"start":{"line":840,"column":4},"end":{"line":878,"column":7}},"174":{"start":{"line":841,"column":6},"end":{"line":877,"column":7}},"175":{"start":{"line":842,"column":33},"end":{"line":842,"column":35}},"176":{"start":{"line":843,"column":20},"end":{"line":843,"column":63}},"177":{"start":{"line":846,"column":8},"end":{"line":846,"column":62}},"178":{"start":{"line":846,"column":42},"end":{"line":846,"column":60}},"179":{"start":{"line":847,"column":8},"end":{"line":847,"column":60}},"180":{"start":{"line":847,"column":28},"end":{"line":847,"column":58}},"181":{"start":{"line":848,"column":8},"end":{"line":848,"column":32}},"182":{"start":{"line":851,"column":8},"end":{"line":851,"column":73}},"183":{"start":{"line":852,"column":8},"end":{"line":852,"column":23}},"184":{"start":{"line":853,"column":8},"end":{"line":853,"column":93}},"185":{"start":{"line":854,"column":8},"end":{"line":854,"column":23}},"186":{"start":{"line":855,"column":8},"end":{"line":855,"column":84}},"187":{"start":{"line":856,"column":8},"end":{"line":856,"column":24}},"188":{"start":{"line":859,"column":8},"end":{"line":872,"column":11}},"189":{"start":{"line":860,"column":10},"end":{"line":860,"column":41}},"190":{"start":{"line":860,"column":25},"end":{"line":860,"column":41}},"191":{"start":{"line":862,"column":10},"end":{"line":862,"column":139}},"192":{"start":{"line":863,"column":10},"end":{"line":863,"column":28}},"193":{"start":{"line":864,"column":10},"end":{"line":864,"column":49}},"194":{"start":{"line":865,"column":10},"end":{"line":865,"column":55}},"195":{"start":{"line":866,"column":10},"end":{"line":866,"column":79}},"196":{"start":{"line":867,"column":10},"end":{"line":867,"column":57}},"197":{"start":{"line":868,"column":10},"end":{"line":868,"column":113}},"198":{"start":{"line":869,"column":10},"end":{"line":869,"column":28}},"199":{"start":{"line":870,"column":10},"end":{"line":870,"column":64}},"200":{"start":{"line":871,"column":10},"end":{"line":871,"column":69}},"201":{"start":{"line":874,"column":8},"end":{"line":874,"column":18}},"202":{"start":{"line":876,"column":8},"end":{"line":876,"column":22}},"203":{"start":{"line":40,"column":0},"end":{"line":40,"column":13}}},"fnMap":{"0":{"name":"(anonymous_1)","decl":{"start":{"line":49,"column":2},"end":{"line":49,"column":14}},"loc":{"start":{"line":49,"column":66},"end":{"line":59,"column":3}}},"1":{"name":"(anonymous_2)","decl":{"start":{"line":85,"column":2},"end":{"line":85,"column":7}},"loc":{"start":{"line":90,"column":28},"end":{"line":194,"column":3}}},"2":{"name":"(anonymous_3)","decl":{"start":{"line":213,"column":2},"end":{"line":213,"column":7}},"loc":{"start":{"line":215,"column":36},"end":{"line":260,"column":3}}},"3":{"name":"(anonymous_4)","decl":{"start":{"line":254,"column":21},"end":{"line":254,"column":22}},"loc":{"start":{"line":254,"column":30},"end":{"line":254,"column":53}}},"4":{"name":"(anonymous_5)","decl":{"start":{"line":276,"column":2},"end":{"line":276,"column":7}},"loc":{"start":{"line":276,"column":42},"end":{"line":290,"column":3}}},"5":{"name":"(anonymous_6)","decl":{"start":{"line":311,"column":2},"end":{"line":311,"column":7}},"loc":{"start":{"line":313,"column":24},"end":{"line":336,"column":3}}},"6":{"name":"(anonymous_7)","decl":{"start":{"line":353,"column":2},"end":{"line":353,"column":7}},"loc":{"start":{"line":355,"column":40},"end":{"line":394,"column":3}}},"7":{"name":"(anonymous_8)","decl":{"start":{"line":386,"column":20},"end":{"line":386,"column":21}},"loc":{"start":{"line":386,"column":30},"end":{"line":393,"column":6}}},"8":{"name":"(anonymous_9)","decl":{"start":{"line":411,"column":2},"end":{"line":411,"column":7}},"loc":{"start":{"line":413,"column":20},"end":{"line":441,"column":3}}},"9":{"name":"(anonymous_10)","decl":{"start":{"line":440,"column":20},"end":{"line":440,"column":21}},"loc":{"start":{"line":440,"column":29},"end":{"line":440,"column":52}}},"10":{"name":"(anonymous_11)","decl":{"start":{"line":458,"column":2},"end":{"line":458,"column":7}},"loc":{"start":{"line":460,"column":30},"end":{"line":501,"column":3}}},"11":{"name":"(anonymous_12)","decl":{"start":{"line":500,"column":20},"end":{"line":500,"column":21}},"loc":{"start":{"line":500,"column":29},"end":{"line":500,"column":52}}},"12":{"name":"(anonymous_13)","decl":{"start":{"line":520,"column":2},"end":{"line":520,"column":7}},"loc":{"start":{"line":520,"column":46},"end":{"line":580,"column":3}}},"13":{"name":"(anonymous_14)","decl":{"start":{"line":600,"column":2},"end":{"line":600,"column":7}},"loc":{"start":{"line":600,"column":41},"end":{"line":631,"column":3}}},"14":{"name":"(anonymous_15)","decl":{"start":{"line":648,"column":2},"end":{"line":648,"column":7}},"loc":{"start":{"line":649,"column":25},"end":{"line":666,"column":3}}},"15":{"name":"(anonymous_16)","decl":{"start":{"line":665,"column":20},"end":{"line":665,"column":21}},"loc":{"start":{"line":665,"column":29},"end":{"line":665,"column":52}}},"16":{"name":"(anonymous_17)","decl":{"start":{"line":686,"column":2},"end":{"line":686,"column":7}},"loc":{"start":{"line":687,"column":35},"end":{"line":742,"column":3}}},"17":{"name":"(anonymous_18)","decl":{"start":{"line":708,"column":34},"end":{"line":708,"column":35}},"loc":{"start":{"line":708,"column":42},"end":{"line":730,"column":5}}},"18":{"name":"(anonymous_19)","decl":{"start":{"line":751,"column":10},"end":{"line":751,"column":23}},"loc":{"start":{"line":751,"column":32},"end":{"line":770,"column":3}}},"19":{"name":"(anonymous_20)","decl":{"start":{"line":776,"column":10},"end":{"line":776,"column":22}},"loc":{"start":{"line":776,"column":38},"end":{"line":797,"column":3}}},"20":{"name":"(anonymous_21)","decl":{"start":{"line":802,"column":10},"end":{"line":802,"column":23}},"loc":{"start":{"line":802,"column":62},"end":{"line":809,"column":3}}},"21":{"name":"(anonymous_22)","decl":{"start":{"line":814,"column":10},"end":{"line":814,"column":22}},"loc":{"start":{"line":814,"column":39},"end":{"line":823,"column":3}}},"22":{"name":"(anonymous_23)","decl":{"start":{"line":817,"column":11},"end":{"line":817,"column":12}},"loc":{"start":{"line":818,"column":8},"end":{"line":818,"column":231}}},"23":{"name":"(anonymous_24)","decl":{"start":{"line":828,"column":10},"end":{"line":828,"column":19}},"loc":{"start":{"line":828,"column":33},"end":{"line":833,"column":3}}},"24":{"name":"(anonymous_25)","decl":{"start":{"line":839,"column":10},"end":{"line":839,"column":15}},"loc":{"start":{"line":839,"column":45},"end":{"line":879,"column":3}}},"25":{"name":"(anonymous_26)","decl":{"start":{"line":840,"column":23},"end":{"line":840,"column":24}},"loc":{"start":{"line":840,"column":43},"end":{"line":878,"column":5}}},"26":{"name":"(anonymous_27)","decl":{"start":{"line":846,"column":23},"end":{"line":846,"column":24}},"loc":{"start":{"line":846,"column":42},"end":{"line":846,"column":60}}},"27":{"name":"(anonymous_28)","decl":{"start":{"line":847,"column":22},"end":{"line":847,"column":25}},"loc":{"start":{"line":847,"column":28},"end":{"line":847,"column":58}}},"28":{"name":"(anonymous_29)","decl":{"start":{"line":859,"column":21},"end":{"line":859,"column":22}},"loc":{"start":{"line":859,"column":36},"end":{"line":872,"column":9}}}},"branchMap":{"0":{"loc":{"start":{"line":49,"column":36},"end":{"line":49,"column":66}},"type":"default-arg","locations":[{"start":{"line":49,"column":64},"end":{"line":49,"column":66}}]},"1":{"loc":{"start":{"line":93,"column":4},"end":{"line":99,"column":5}},"type":"if","locations":[{"start":{"line":93,"column":4},"end":{"line":99,"column":5}}]},"2":{"loc":{"start":{"line":100,"column":4},"end":{"line":106,"column":5}},"type":"if","locations":[{"start":{"line":100,"column":4},"end":{"line":106,"column":5}}]},"3":{"loc":{"start":{"line":107,"column":4},"end":{"line":113,"column":5}},"type":"if","locations":[{"start":{"line":107,"column":4},"end":{"line":113,"column":5}}]},"4":{"loc":{"start":{"line":118,"column":21},"end":{"line":118,"column":66}},"type":"binary-expr","locations":[{"start":{"line":118,"column":21},"end":{"line":118,"column":53}},{"start":{"line":118,"column":57},"end":{"line":118,"column":66}}]},"5":{"loc":{"start":{"line":131,"column":21},"end":{"line":131,"column":53}},"type":"binary-expr","locations":[{"start":{"line":131,"column":21},"end":{"line":131,"column":40}},{"start":{"line":131,"column":44},"end":{"line":131,"column":53}}]},"6":{"loc":{"start":{"line":132,"column":21},"end":{"line":132,"column":53}},"type":"binary-expr","locations":[{"start":{"line":132,"column":21},"end":{"line":132,"column":40}},{"start":{"line":132,"column":44},"end":{"line":132,"column":53}}]},"7":{"loc":{"start":{"line":133,"column":25},"end":{"line":133,"column":61}},"type":"binary-expr","locations":[{"start":{"line":133,"column":25},"end":{"line":133,"column":48}},{"start":{"line":133,"column":52},"end":{"line":133,"column":61}}]},"8":{"loc":{"start":{"line":134,"column":20},"end":{"line":136,"column":18}},"type":"cond-expr","locations":[{"start":{"line":135,"column":14},"end":{"line":135,"column":51}},{"start":{"line":136,"column":14},"end":{"line":136,"column":18}}]},"9":{"loc":{"start":{"line":167,"column":23},"end":{"line":167,"column":55}},"type":"binary-expr","locations":[{"start":{"line":167,"column":23},"end":{"line":167,"column":42}},{"start":{"line":167,"column":46},"end":{"line":167,"column":55}}]},"10":{"loc":{"start":{"line":168,"column":23},"end":{"line":168,"column":55}},"type":"binary-expr","locations":[{"start":{"line":168,"column":23},"end":{"line":168,"column":42}},{"start":{"line":168,"column":46},"end":{"line":168,"column":55}}]},"11":{"loc":{"start":{"line":169,"column":27},"end":{"line":169,"column":63}},"type":"binary-expr","locations":[{"start":{"line":169,"column":27},"end":{"line":169,"column":50}},{"start":{"line":169,"column":54},"end":{"line":169,"column":63}}]},"12":{"loc":{"start":{"line":170,"column":22},"end":{"line":172,"column":20}},"type":"cond-expr","locations":[{"start":{"line":171,"column":16},"end":{"line":171,"column":53}},{"start":{"line":172,"column":16},"end":{"line":172,"column":20}}]},"13":{"loc":{"start":{"line":214,"column":4},"end":{"line":214,"column":30}},"type":"default-arg","locations":[{"start":{"line":214,"column":28},"end":{"line":214,"column":30}}]},"14":{"loc":{"start":{"line":215,"column":4},"end":{"line":215,"column":36}},"type":"default-arg","locations":[{"start":{"line":215,"column":34},"end":{"line":215,"column":36}}]},"15":{"loc":{"start":{"line":220,"column":29},"end":{"line":220,"column":49}},"type":"binary-expr","locations":[{"start":{"line":220,"column":29},"end":{"line":220,"column":44}},{"start":{"line":220,"column":48},"end":{"line":220,"column":49}}]},"16":{"loc":{"start":{"line":223,"column":18},"end":{"line":223,"column":63}},"type":"binary-expr","locations":[{"start":{"line":223,"column":18},"end":{"line":223,"column":37}},{"start":{"line":223,"column":41},"end":{"line":223,"column":63}}]},"17":{"loc":{"start":{"line":229,"column":4},"end":{"line":229,"column":38}},"type":"if","locations":[{"start":{"line":229,"column":4},"end":{"line":229,"column":38}}]},"18":{"loc":{"start":{"line":230,"column":4},"end":{"line":230,"column":50}},"type":"if","locations":[{"start":{"line":230,"column":4},"end":{"line":230,"column":50}}]},"19":{"loc":{"start":{"line":231,"column":4},"end":{"line":231,"column":38}},"type":"if","locations":[{"start":{"line":231,"column":4},"end":{"line":231,"column":38}}]},"20":{"loc":{"start":{"line":232,"column":4},"end":{"line":232,"column":44}},"type":"if","locations":[{"start":{"line":232,"column":4},"end":{"line":232,"column":44}}]},"21":{"loc":{"start":{"line":233,"column":4},"end":{"line":237,"column":5}},"type":"if","locations":[{"start":{"line":233,"column":4},"end":{"line":237,"column":5}}]},"22":{"loc":{"start":{"line":233,"column":8},"end":{"line":233,"column":28}},"type":"binary-expr","locations":[{"start":{"line":233,"column":8},"end":{"line":233,"column":17}},{"start":{"line":233,"column":21},"end":{"line":233,"column":28}}]},"23":{"loc":{"start":{"line":235,"column":6},"end":{"line":235,"column":53}},"type":"if","locations":[{"start":{"line":235,"column":6},"end":{"line":235,"column":53}}]},"24":{"loc":{"start":{"line":236,"column":6},"end":{"line":236,"column":49}},"type":"if","locations":[{"start":{"line":236,"column":6},"end":{"line":236,"column":49}}]},"25":{"loc":{"start":{"line":277,"column":4},"end":{"line":283,"column":5}},"type":"if","locations":[{"start":{"line":277,"column":4},"end":{"line":283,"column":5}}]},"26":{"loc":{"start":{"line":289,"column":11},"end":{"line":289,"column":47}},"type":"cond-expr","locations":[{"start":{"line":289,"column":17},"end":{"line":289,"column":40}},{"start":{"line":289,"column":43},"end":{"line":289,"column":47}}]},"27":{"loc":{"start":{"line":316,"column":4},"end":{"line":322,"column":5}},"type":"if","locations":[{"start":{"line":316,"column":4},"end":{"line":322,"column":5}}]},"28":{"loc":{"start":{"line":328,"column":4},"end":{"line":335,"column":5}},"type":"switch","locations":[{"start":{"line":329,"column":6},"end":{"line":330,"column":58}},{"start":{"line":331,"column":6},"end":{"line":332,"column":39}},{"start":{"line":333,"column":6},"end":{"line":334,"column":45}}]},"29":{"loc":{"start":{"line":355,"column":4},"end":{"line":355,"column":40}},"type":"default-arg","locations":[{"start":{"line":355,"column":38},"end":{"line":355,"column":40}}]},"30":{"loc":{"start":{"line":357,"column":4},"end":{"line":363,"column":5}},"type":"if","locations":[{"start":{"line":357,"column":4},"end":{"line":363,"column":5}}]},"31":{"loc":{"start":{"line":365,"column":12},"end":{"line":365,"column":43}},"type":"default-arg","locations":[{"start":{"line":365,"column":20},"end":{"line":365,"column":43}}]},"32":{"loc":{"start":{"line":365,"column":45},"end":{"line":365,"column":67}},"type":"default-arg","locations":[{"start":{"line":365,"column":63},"end":{"line":365,"column":67}}]},"33":{"loc":{"start":{"line":369,"column":4},"end":{"line":369,"column":53}},"type":"if","locations":[{"start":{"line":369,"column":4},"end":{"line":369,"column":53}}]},"34":{"loc":{"start":{"line":370,"column":4},"end":{"line":370,"column":72}},"type":"if","locations":[{"start":{"line":370,"column":4},"end":{"line":370,"column":72}}]},"35":{"loc":{"start":{"line":392,"column":17},"end":{"line":392,"column":43}},"type":"binary-expr","locations":[{"start":{"line":392,"column":17},"end":{"line":392,"column":30}},{"start":{"line":392,"column":34},"end":{"line":392,"column":43}}]},"36":{"loc":{"start":{"line":416,"column":4},"end":{"line":422,"column":5}},"type":"if","locations":[{"start":{"line":416,"column":4},"end":{"line":422,"column":5}}]},"37":{"loc":{"start":{"line":416,"column":8},"end":{"line":416,"column":87}},"type":"binary-expr","locations":[{"start":{"line":416,"column":8},"end":{"line":416,"column":19}},{"start":{"line":416,"column":23},"end":{"line":416,"column":53}},{"start":{"line":416,"column":57},"end":{"line":416,"column":87}}]},"38":{"loc":{"start":{"line":423,"column":4},"end":{"line":429,"column":5}},"type":"if","locations":[{"start":{"line":423,"column":4},"end":{"line":429,"column":5}}]},"39":{"loc":{"start":{"line":423,"column":8},"end":{"line":423,"column":81}},"type":"binary-expr","locations":[{"start":{"line":423,"column":8},"end":{"line":423,"column":17}},{"start":{"line":423,"column":21},"end":{"line":423,"column":49}},{"start":{"line":423,"column":53},"end":{"line":423,"column":81}}]},"40":{"loc":{"start":{"line":460,"column":4},"end":{"line":460,"column":30}},"type":"default-arg","locations":[{"start":{"line":460,"column":28},"end":{"line":460,"column":30}}]},"41":{"loc":{"start":{"line":462,"column":4},"end":{"line":468,"column":5}},"type":"if","locations":[{"start":{"line":462,"column":4},"end":{"line":468,"column":5}}]},"42":{"loc":{"start":{"line":462,"column":8},"end":{"line":462,"column":43}},"type":"binary-expr","locations":[{"start":{"line":462,"column":8},"end":{"line":462,"column":14}},{"start":{"line":462,"column":18},"end":{"line":462,"column":43}}]},"43":{"loc":{"start":{"line":477,"column":4},"end":{"line":477,"column":38}},"type":"if","locations":[{"start":{"line":477,"column":4},"end":{"line":477,"column":38}}]},"44":{"loc":{"start":{"line":478,"column":4},"end":{"line":478,"column":50}},"type":"if","locations":[{"start":{"line":478,"column":4},"end":{"line":478,"column":50}}]},"45":{"loc":{"start":{"line":479,"column":4},"end":{"line":479,"column":38}},"type":"if","locations":[{"start":{"line":479,"column":4},"end":{"line":479,"column":38}}]},"46":{"loc":{"start":{"line":480,"column":4},"end":{"line":480,"column":44}},"type":"if","locations":[{"start":{"line":480,"column":4},"end":{"line":480,"column":44}}]},"47":{"loc":{"start":{"line":481,"column":4},"end":{"line":485,"column":5}},"type":"if","locations":[{"start":{"line":481,"column":4},"end":{"line":485,"column":5}}]},"48":{"loc":{"start":{"line":481,"column":8},"end":{"line":481,"column":28}},"type":"binary-expr","locations":[{"start":{"line":481,"column":8},"end":{"line":481,"column":17}},{"start":{"line":481,"column":21},"end":{"line":481,"column":28}}]},"49":{"loc":{"start":{"line":483,"column":6},"end":{"line":483,"column":53}},"type":"if","locations":[{"start":{"line":483,"column":6},"end":{"line":483,"column":53}}]},"50":{"loc":{"start":{"line":484,"column":6},"end":{"line":484,"column":49}},"type":"if","locations":[{"start":{"line":484,"column":6},"end":{"line":484,"column":49}}]},"51":{"loc":{"start":{"line":521,"column":4},"end":{"line":527,"column":5}},"type":"if","locations":[{"start":{"line":521,"column":4},"end":{"line":527,"column":5}}]},"52":{"loc":{"start":{"line":534,"column":4},"end":{"line":537,"column":5}},"type":"if","locations":[{"start":{"line":534,"column":4},"end":{"line":537,"column":5}}]},"53":{"loc":{"start":{"line":540,"column":4},"end":{"line":543,"column":5}},"type":"if","locations":[{"start":{"line":540,"column":4},"end":{"line":543,"column":5}}]},"54":{"loc":{"start":{"line":602,"column":4},"end":{"line":608,"column":5}},"type":"if","locations":[{"start":{"line":602,"column":4},"end":{"line":608,"column":5}}]},"55":{"loc":{"start":{"line":611,"column":4},"end":{"line":617,"column":5}},"type":"if","locations":[{"start":{"line":611,"column":4},"end":{"line":617,"column":5}}]},"56":{"loc":{"start":{"line":651,"column":4},"end":{"line":657,"column":5}},"type":"if","locations":[{"start":{"line":651,"column":4},"end":{"line":657,"column":5}}]},"57":{"loc":{"start":{"line":651,"column":8},"end":{"line":651,"column":59}},"type":"binary-expr","locations":[{"start":{"line":651,"column":8},"end":{"line":651,"column":22}},{"start":{"line":651,"column":26},"end":{"line":651,"column":59}}]},"58":{"loc":{"start":{"line":690,"column":4},"end":{"line":696,"column":5}},"type":"if","locations":[{"start":{"line":690,"column":4},"end":{"line":696,"column":5}}]},"59":{"loc":{"start":{"line":690,"column":8},"end":{"line":690,"column":34}},"type":"binary-expr","locations":[{"start":{"line":690,"column":8},"end":{"line":690,"column":13}},{"start":{"line":690,"column":17},"end":{"line":690,"column":34}}]},"60":{"loc":{"start":{"line":699,"column":4},"end":{"line":705,"column":5}},"type":"if","locations":[{"start":{"line":699,"column":4},"end":{"line":705,"column":5}}]},"61":{"loc":{"start":{"line":712,"column":23},"end":{"line":712,"column":72}},"type":"binary-expr","locations":[{"start":{"line":712,"column":23},"end":{"line":712,"column":59}},{"start":{"line":712,"column":63},"end":{"line":712,"column":72}}]},"62":{"loc":{"start":{"line":722,"column":19},"end":{"line":722,"column":50}},"type":"binary-expr","locations":[{"start":{"line":722,"column":19},"end":{"line":722,"column":42}},{"start":{"line":722,"column":46},"end":{"line":722,"column":50}}]},"63":{"loc":{"start":{"line":723,"column":19},"end":{"line":723,"column":50}},"type":"binary-expr","locations":[{"start":{"line":723,"column":19},"end":{"line":723,"column":42}},{"start":{"line":723,"column":46},"end":{"line":723,"column":50}}]},"64":{"loc":{"start":{"line":724,"column":23},"end":{"line":724,"column":58}},"type":"binary-expr","locations":[{"start":{"line":724,"column":23},"end":{"line":724,"column":50}},{"start":{"line":724,"column":54},"end":{"line":724,"column":58}}]},"65":{"loc":{"start":{"line":725,"column":18},"end":{"line":727,"column":16}},"type":"cond-expr","locations":[{"start":{"line":726,"column":12},"end":{"line":726,"column":53}},{"start":{"line":727,"column":12},"end":{"line":727,"column":16}}]},"66":{"loc":{"start":{"line":754,"column":14},"end":{"line":754,"column":37}},"type":"binary-expr","locations":[{"start":{"line":754,"column":14},"end":{"line":754,"column":24}},{"start":{"line":754,"column":28},"end":{"line":754,"column":37}}]},"67":{"loc":{"start":{"line":759,"column":22},"end":{"line":759,"column":53}},"type":"binary-expr","locations":[{"start":{"line":759,"column":22},"end":{"line":759,"column":40}},{"start":{"line":759,"column":44},"end":{"line":759,"column":53}}]},"68":{"loc":{"start":{"line":761,"column":19},"end":{"line":761,"column":45}},"type":"binary-expr","locations":[{"start":{"line":761,"column":19},"end":{"line":761,"column":32}},{"start":{"line":761,"column":36},"end":{"line":761,"column":45}}]},"69":{"loc":{"start":{"line":762,"column":19},"end":{"line":762,"column":45}},"type":"binary-expr","locations":[{"start":{"line":762,"column":19},"end":{"line":762,"column":32}},{"start":{"line":762,"column":36},"end":{"line":762,"column":45}}]},"70":{"loc":{"start":{"line":763,"column":23},"end":{"line":763,"column":53}},"type":"binary-expr","locations":[{"start":{"line":763,"column":23},"end":{"line":763,"column":40}},{"start":{"line":763,"column":44},"end":{"line":763,"column":53}}]},"71":{"loc":{"start":{"line":764,"column":22},"end":{"line":764,"column":81}},"type":"cond-expr","locations":[{"start":{"line":764,"column":37},"end":{"line":764,"column":69}},{"start":{"line":764,"column":72},"end":{"line":764,"column":81}}]},"72":{"loc":{"start":{"line":768,"column":20},"end":{"line":768,"column":49}},"type":"binary-expr","locations":[{"start":{"line":768,"column":20},"end":{"line":768,"column":36}},{"start":{"line":768,"column":40},"end":{"line":768,"column":49}}]},"73":{"loc":{"start":{"line":777,"column":4},"end":{"line":779,"column":5}},"type":"if","locations":[{"start":{"line":777,"column":4},"end":{"line":779,"column":5}}]},"74":{"loc":{"start":{"line":777,"column":8},"end":{"line":777,"column":34}},"type":"binary-expr","locations":[{"start":{"line":777,"column":8},"end":{"line":777,"column":13}},{"start":{"line":777,"column":17},"end":{"line":777,"column":34}}]},"75":{"loc":{"start":{"line":785,"column":6},"end":{"line":785,"column":27}},"type":"if","locations":[{"start":{"line":785,"column":6},"end":{"line":785,"column":27}}]},"76":{"loc":{"start":{"line":789,"column":6},"end":{"line":789,"column":51}},"type":"if","locations":[{"start":{"line":789,"column":6},"end":{"line":789,"column":51}}]},"77":{"loc":{"start":{"line":792,"column":17},"end":{"line":792,"column":53}},"type":"cond-expr","locations":[{"start":{"line":792,"column":39},"end":{"line":792,"column":44}},{"start":{"line":792,"column":47},"end":{"line":792,"column":53}}]},"78":{"loc":{"start":{"line":796,"column":11},"end":{"line":796,"column":63}},"type":"cond-expr","locations":[{"start":{"line":796,"column":32},"end":{"line":796,"column":39}},{"start":{"line":796,"column":42},"end":{"line":796,"column":63}}]},"79":{"loc":{"start":{"line":802,"column":44},"end":{"line":802,"column":62}},"type":"default-arg","locations":[{"start":{"line":802,"column":60},"end":{"line":802,"column":62}}]},"80":{"loc":{"start":{"line":803,"column":4},"end":{"line":803,"column":30}},"type":"if","locations":[{"start":{"line":803,"column":4},"end":{"line":803,"column":30}}]},"81":{"loc":{"start":{"line":829,"column":4},"end":{"line":831,"column":5}},"type":"if","locations":[{"start":{"line":829,"column":4},"end":{"line":831,"column":5}}]},"82":{"loc":{"start":{"line":829,"column":8},"end":{"line":829,"column":74}},"type":"binary-expr","locations":[{"start":{"line":829,"column":8},"end":{"line":829,"column":27}},{"start":{"line":829,"column":31},"end":{"line":829,"column":50}},{"start":{"line":829,"column":54},"end":{"line":829,"column":74}}]},"83":{"loc":{"start":{"line":860,"column":10},"end":{"line":860,"column":41}},"type":"if","locations":[{"start":{"line":860,"column":10},"end":{"line":860,"column":41}}]},"84":{"loc":{"start":{"line":868,"column":52},"end":{"line":868,"column":109}},"type":"binary-expr","locations":[{"start":{"line":868,"column":52},"end":{"line":868,"column":70}},{"start":{"line":868,"column":74},"end":{"line":868,"column":109}}]}},"s":{"0":2,"1":2,"2":2,"3":57,"4":57,"5":57,"6":57,"7":57,"8":57,"9":15,"10":1,"11":14,"12":1,"13":13,"14":1,"15":12,"16":12,"17":12,"18":12,"19":12,"20":12,"21":8,"22":8,"23":4,"24":4,"25":4,"26":1,"27":1,"28":3,"29":3,"30":14,"31":14,"32":14,"33":14,"34":14,"35":14,"36":1,"37":14,"38":1,"39":14,"40":1,"41":14,"42":1,"43":14,"44":1,"45":1,"46":1,"47":1,"48":1,"49":14,"50":14,"51":14,"52":7,"53":3,"54":1,"55":2,"56":2,"57":9,"58":9,"59":1,"60":8,"61":8,"62":1,"63":4,"64":3,"65":4,"66":0,"67":4,"68":4,"69":4,"70":4,"71":1,"72":4,"73":1,"74":4,"75":4,"76":1,"77":3,"78":1,"79":2,"80":1,"81":1,"82":1,"83":0,"84":4,"85":1,"86":3,"87":3,"88":3,"89":3,"90":0,"91":3,"92":1,"93":3,"94":1,"95":3,"96":0,"97":3,"98":0,"99":0,"100":0,"101":0,"102":0,"103":3,"104":3,"105":3,"106":0,"107":3,"108":0,"109":3,"110":3,"111":1,"112":1,"113":2,"114":1,"115":1,"116":1,"117":1,"118":1,"119":1,"120":1,"121":0,"122":0,"123":2,"124":0,"125":2,"126":1,"127":1,"128":1,"129":1,"130":2,"131":1,"132":1,"133":1,"134":0,"135":4,"136":1,"137":3,"138":1,"139":2,"140":5,"141":5,"142":5,"143":5,"144":5,"145":2,"146":2,"147":2,"148":17,"149":14,"150":13,"151":1,"152":1,"153":1,"154":1,"155":0,"156":1,"157":1,"158":0,"159":1,"160":1,"161":19,"162":4,"163":15,"164":15,"165":0,"166":4,"167":4,"168":3,"169":4,"170":12,"171":4,"172":8,"173":3,"174":3,"175":3,"176":3,"177":3,"178":183,"179":3,"180":3,"181":3,"182":3,"183":3,"184":3,"185":3,"186":3,"187":3,"188":3,"189":3,"190":1,"191":3,"192":3,"193":3,"194":3,"195":3,"196":3,"197":3,"198":3,"199":3,"200":3,"201":3,"202":0,"203":2},"f":{"0":57,"1":15,"2":14,"3":7,"4":3,"5":9,"6":4,"7":1,"8":3,"9":0,"10":4,"11":0,"12":3,"13":2,"14":2,"15":0,"16":4,"17":5,"18":17,"19":14,"20":19,"21":4,"22":3,"23":12,"24":3,"25":3,"26":183,"27":3,"28":3},"b":{"0":[57],"1":[1],"2":[1],"3":[1],"4":[12,9],"5":[12,11],"6":[12,11],"7":[12,3],"8":[3,9],"9":[4,4],"10":[4,4],"11":[4,1],"12":[2,2],"13":[0],"14":[4],"15":[14,13],"16":[14,5],"17":[1],"18":[1],"19":[1],"20":[1],"21":[1],"22":[14,13],"23":[1],"24":[1],"25":[1],"26":[1,1],"27":[1],"28":[1,4,3],"29":[0],"30":[0],"31":[2],"32":[3],"33":[1],"34":[1],"35":[1,1],"36":[1],"37":[3,2,2],"38":[1],"39":[2,1,1],"40":[3],"41":[1],"42":[4,3],"43":[0],"44":[1],"45":[1],"46":[0],"47":[0],"48":[3,3],"49":[0],"50":[0],"51":[0],"52":[1],"53":[1],"54":[0],"55":[1],"56":[1],"57":[2,1],"58":[1],"59":[4,4],"60":[1],"61":[5,5],"62":[5,4],"63":[5,5],"64":[5,4],"65":[0,5],"66":[17,4],"67":[17,8],"68":[17,16],"69":[17,16],"70":[17,15],"71":[1,16],"72":[17,16],"73":[13],"74":[14,1],"75":[0],"76":[0],"77":[1,0],"78":[1,0],"79":[1],"80":[4],"81":[4],"82":[12,10,8],"83":[1],"84":[3,2]}}
,"/home/dmrcode/Desktop/aegis/packages/aegis-audit/src/services/gdpr-deletion.service.ts": {"path":"/home/dmrcode/Desktop/aegis/packages/aegis-audit/src/services/gdpr-deletion.service.ts","statementMap":{"0":{"start":{"line":6,"column":0},"end":{"line":6,"column":47}},"1":{"start":{"line":25,"column":61},"end":{"line":25,"column":70}},"2":{"start":{"line":26,"column":57},"end":{"line":26,"column":66}},"3":{"start":{"line":29,"column":4},"end":{"line":29,"column":25}},"4":{"start":{"line":30,"column":4},"end":{"line":30,"column":37}},"5":{"start":{"line":52,"column":4},"end":{"line":58,"column":5}},"6":{"start":{"line":53,"column":6},"end":{"line":57,"column":9}},"7":{"start":{"line":59,"column":4},"end":{"line":65,"column":5}},"8":{"start":{"line":60,"column":6},"end":{"line":64,"column":9}},"9":{"start":{"line":67,"column":37},"end":{"line":67,"column":39}},"10":{"start":{"line":68,"column":25},"end":{"line":68,"column":26}},"11":{"start":{"line":70,"column":4},"end":{"line":151,"column":5}},"12":{"start":{"line":71,"column":6},"end":{"line":119,"column":9}},"13":{"start":{"line":73,"column":25},"end":{"line":73,"column":79}},"14":{"start":{"line":74,"column":8},"end":{"line":77,"column":9}},"15":{"start":{"line":75,"column":10},"end":{"line":75,"column":43}},"16":{"start":{"line":76,"column":10},"end":{"line":76,"column":45}},"17":{"start":{"line":80,"column":22},"end":{"line":80,"column":73}},"18":{"start":{"line":81,"column":8},"end":{"line":84,"column":9}},"19":{"start":{"line":82,"column":10},"end":{"line":82,"column":40}},"20":{"start":{"line":83,"column":10},"end":{"line":83,"column":42}},"21":{"start":{"line":87,"column":27},"end":{"line":87,"column":79}},"22":{"start":{"line":88,"column":8},"end":{"line":91,"column":9}},"23":{"start":{"line":89,"column":10},"end":{"line":89,"column":45}},"24":{"start":{"line":90,"column":10},"end":{"line":90,"column":43}},"25":{"start":{"line":94,"column":26},"end":{"line":94,"column":77}},"26":{"start":{"line":95,"column":8},"end":{"line":98,"column":9}},"27":{"start":{"line":96,"column":10},"end":{"line":96,"column":44}},"28":{"start":{"line":97,"column":10},"end":{"line":97,"column":42}},"29":{"start":{"line":101,"column":21},"end":{"line":101,"column":72}},"30":{"start":{"line":102,"column":8},"end":{"line":113,"column":9}},"31":{"start":{"line":103,"column":10},"end":{"line":111,"column":13}},"32":{"start":{"line":112,"column":10},"end":{"line":112,"column":52}},"33":{"start":{"line":116,"column":8},"end":{"line":116,"column":56}},"34":{"start":{"line":117,"column":8},"end":{"line":117,"column":25}},"35":{"start":{"line":118,"column":8},"end":{"line":118,"column":36}},"36":{"start":{"line":122,"column":6},"end":{"line":124,"column":25}},"37":{"start":{"line":126,"column":6},"end":{"line":130,"column":9}},"38":{"start":{"line":132,"column":6},"end":{"line":138,"column":8}},"39":{"start":{"line":140,"column":23},"end":{"line":140,"column":79}},"40":{"start":{"line":141,"column":6},"end":{"line":141,"column":70}},"41":{"start":{"line":143,"column":6},"end":{"line":150,"column":8}},"42":{"start":{"line":170,"column":4},"end":{"line":176,"column":5}},"43":{"start":{"line":171,"column":6},"end":{"line":175,"column":9}},"44":{"start":{"line":178,"column":40},"end":{"line":182,"column":6}},"45":{"start":{"line":184,"column":4},"end":{"line":190,"column":5}},"46":{"start":{"line":185,"column":6},"end":{"line":189,"column":9}},"47":{"start":{"line":192,"column":17},"end":{"line":204,"column":6}},"48":{"start":{"line":194,"column":40},"end":{"line":198,"column":8}},"49":{"start":{"line":206,"column":4},"end":{"line":206,"column":58}},"50":{"start":{"line":208,"column":4},"end":{"line":208,"column":60}},"51":{"start":{"line":228,"column":4},"end":{"line":234,"column":5}},"52":{"start":{"line":229,"column":6},"end":{"line":233,"column":9}},"53":{"start":{"line":236,"column":4},"end":{"line":272,"column":5}},"54":{"start":{"line":238,"column":32},"end":{"line":238,"column":104}},"55":{"start":{"line":239,"column":53},"end":{"line":239,"column":55}},"56":{"start":{"line":241,"column":6},"end":{"line":245,"column":7}},"57":{"start":{"line":242,"column":8},"end":{"line":244,"column":50}},"58":{"start":{"line":242,"column":31},"end":{"line":242,"column":102}},"59":{"start":{"line":243,"column":13},"end":{"line":244,"column":50}},"60":{"start":{"line":243,"column":36},"end":{"line":243,"column":74}},"61":{"start":{"line":244,"column":13},"end":{"line":244,"column":50}},"62":{"start":{"line":247,"column":6},"end":{"line":250,"column":9}},"63":{"start":{"line":252,"column":6},"end":{"line":254,"column":25}},"64":{"start":{"line":256,"column":6},"end":{"line":256,"column":81}},"65":{"start":{"line":258,"column":6},"end":{"line":263,"column":8}},"66":{"start":{"line":265,"column":6},"end":{"line":265,"column":71}},"67":{"start":{"line":266,"column":6},"end":{"line":271,"column":8}},"68":{"start":{"line":291,"column":4},"end":{"line":297,"column":5}},"69":{"start":{"line":292,"column":6},"end":{"line":296,"column":9}},"70":{"start":{"line":299,"column":72},"end":{"line":305,"column":6}},"71":{"start":{"line":307,"column":19},"end":{"line":313,"column":38}},"72":{"start":{"line":313,"column":20},"end":{"line":313,"column":37}},"73":{"start":{"line":315,"column":33},"end":{"line":315,"column":82}},"74":{"start":{"line":315,"column":59},"end":{"line":315,"column":78}},"75":{"start":{"line":317,"column":4},"end":{"line":322,"column":6}},"76":{"start":{"line":341,"column":4},"end":{"line":347,"column":5}},"77":{"start":{"line":342,"column":6},"end":{"line":346,"column":9}},"78":{"start":{"line":350,"column":85},"end":{"line":356,"column":6}},"79":{"start":{"line":358,"column":68},"end":{"line":358,"column":70}},"80":{"start":{"line":359,"column":4},"end":{"line":359,"column":83}},"81":{"start":{"line":359,"column":24},"end":{"line":359,"column":83}},"82":{"start":{"line":360,"column":4},"end":{"line":360,"column":96}},"83":{"start":{"line":360,"column":27},"end":{"line":360,"column":96}},"84":{"start":{"line":361,"column":4},"end":{"line":361,"column":87}},"85":{"start":{"line":361,"column":24},"end":{"line":361,"column":87}},"86":{"start":{"line":362,"column":4},"end":{"line":362,"column":98}},"87":{"start":{"line":362,"column":29},"end":{"line":362,"column":98}},"88":{"start":{"line":363,"column":4},"end":{"line":363,"column":95}},"89":{"start":{"line":363,"column":28},"end":{"line":363,"column":95}},"90":{"start":{"line":365,"column":23},"end":{"line":365,"column":51}},"91":{"start":{"line":367,"column":4},"end":{"line":373,"column":6}},"92":{"start":{"line":397,"column":4},"end":{"line":403,"column":5}},"93":{"start":{"line":398,"column":6},"end":{"line":402,"column":9}},"94":{"start":{"line":404,"column":4},"end":{"line":410,"column":5}},"95":{"start":{"line":405,"column":6},"end":{"line":409,"column":9}},"96":{"start":{"line":411,"column":4},"end":{"line":417,"column":5}},"97":{"start":{"line":412,"column":6},"end":{"line":416,"column":9}},"98":{"start":{"line":418,"column":4},"end":{"line":424,"column":5}},"99":{"start":{"line":419,"column":6},"end":{"line":423,"column":9}},"100":{"start":{"line":426,"column":40},"end":{"line":432,"column":6}},"101":{"start":{"line":434,"column":4},"end":{"line":434,"column":50}},"102":{"start":{"line":435,"column":4},"end":{"line":435,"column":75}},"103":{"start":{"line":437,"column":18},"end":{"line":437,"column":52}},"104":{"start":{"line":438,"column":4},"end":{"line":449,"column":5}},"105":{"start":{"line":440,"column":20},"end":{"line":446,"column":15}},"106":{"start":{"line":441,"column":8},"end":{"line":441,"column":49}},"107":{"start":{"line":442,"column":8},"end":{"line":442,"column":38}},"108":{"start":{"line":443,"column":8},"end":{"line":443,"column":41}},"109":{"start":{"line":444,"column":8},"end":{"line":444,"column":54}},"110":{"start":{"line":445,"column":8},"end":{"line":445,"column":44}},"111":{"start":{"line":448,"column":6},"end":{"line":448,"column":46}},"112":{"start":{"line":451,"column":4},"end":{"line":451,"column":21}},"113":{"start":{"line":458,"column":22},"end":{"line":458,"column":56}},"114":{"start":{"line":459,"column":4},"end":{"line":472,"column":5}},"115":{"start":{"line":461,"column":20},"end":{"line":461,"column":52}},"116":{"start":{"line":462,"column":6},"end":{"line":465,"column":7}},"117":{"start":{"line":463,"column":8},"end":{"line":463,"column":28}},"118":{"start":{"line":464,"column":8},"end":{"line":464,"column":44}},"119":{"start":{"line":467,"column":6},"end":{"line":467,"column":37}},"120":{"start":{"line":468,"column":6},"end":{"line":468,"column":39}},"121":{"start":{"line":469,"column":6},"end":{"line":469,"column":52}},"122":{"start":{"line":470,"column":6},"end":{"line":470,"column":61}},"123":{"start":{"line":471,"column":6},"end":{"line":471,"column":18}},"124":{"start":{"line":473,"column":4},"end":{"line":473,"column":17}},"125":{"start":{"line":22,"column":0},"end":{"line":22,"column":13}}},"fnMap":{"0":{"name":"(anonymous_0)","decl":{"start":{"line":28,"column":2},"end":{"line":28,"column":14}},"loc":{"start":{"line":28,"column":67},"end":{"line":31,"column":3}}},"1":{"name":"(anonymous_1)","decl":{"start":{"line":50,"column":2},"end":{"line":50,"column":7}},"loc":{"start":{"line":50,"column":52},"end":{"line":152,"column":3}}},"2":{"name":"(anonymous_2)","decl":{"start":{"line":71,"column":37},"end":{"line":71,"column":42}},"loc":{"start":{"line":71,"column":50},"end":{"line":119,"column":7}}},"3":{"name":"(anonymous_3)","decl":{"start":{"line":124,"column":15},"end":{"line":124,"column":18}},"loc":{"start":{"line":124,"column":20},"end":{"line":124,"column":23}}},"4":{"name":"(anonymous_4)","decl":{"start":{"line":169,"column":2},"end":{"line":169,"column":7}},"loc":{"start":{"line":169,"column":70},"end":{"line":209,"column":3}}},"5":{"name":"(anonymous_5)","decl":{"start":{"line":194,"column":32},"end":{"line":194,"column":33}},"loc":{"start":{"line":194,"column":40},"end":{"line":198,"column":8}}},"6":{"name":"(anonymous_6)","decl":{"start":{"line":227,"column":2},"end":{"line":227,"column":7}},"loc":{"start":{"line":227,"column":63},"end":{"line":273,"column":3}}},"7":{"name":"(anonymous_7)","decl":{"start":{"line":254,"column":15},"end":{"line":254,"column":18}},"loc":{"start":{"line":254,"column":20},"end":{"line":254,"column":23}}},"8":{"name":"(anonymous_8)","decl":{"start":{"line":290,"column":2},"end":{"line":290,"column":7}},"loc":{"start":{"line":290,"column":43},"end":{"line":323,"column":3}}},"9":{"name":"(anonymous_9)","decl":{"start":{"line":313,"column":13},"end":{"line":313,"column":14}},"loc":{"start":{"line":313,"column":20},"end":{"line":313,"column":37}}},"10":{"name":"(anonymous_10)","decl":{"start":{"line":315,"column":47},"end":{"line":315,"column":48}},"loc":{"start":{"line":315,"column":59},"end":{"line":315,"column":78}}},"11":{"name":"(anonymous_11)","decl":{"start":{"line":340,"column":2},"end":{"line":340,"column":7}},"loc":{"start":{"line":340,"column":46},"end":{"line":374,"column":3}}},"12":{"name":"(anonymous_12)","decl":{"start":{"line":396,"column":4},"end":{"line":396,"column":9}},"loc":{"start":{"line":396,"column":79},"end":{"line":452,"column":3}}},"13":{"name":"(anonymous_13)","decl":{"start":{"line":440,"column":31},"end":{"line":440,"column":36}},"loc":{"start":{"line":440,"column":42},"end":{"line":446,"column":7}}},"14":{"name":"(anonymous_14)","decl":{"start":{"line":457,"column":2},"end":{"line":457,"column":24}},"loc":{"start":{"line":457,"column":39},"end":{"line":474,"column":3}}}},"branchMap":{"0":{"loc":{"start":{"line":52,"column":4},"end":{"line":58,"column":5}},"type":"if","locations":[{"start":{"line":52,"column":4},"end":{"line":58,"column":5}}]},"1":{"loc":{"start":{"line":59,"column":4},"end":{"line":65,"column":5}},"type":"if","locations":[{"start":{"line":59,"column":4},"end":{"line":65,"column":5}}]},"2":{"loc":{"start":{"line":74,"column":8},"end":{"line":77,"column":9}},"type":"if","locations":[{"start":{"line":74,"column":8},"end":{"line":77,"column":9}}]},"3":{"loc":{"start":{"line":81,"column":8},"end":{"line":84,"column":9}},"type":"if","locations":[{"start":{"line":81,"column":8},"end":{"line":84,"column":9}}]},"4":{"loc":{"start":{"line":88,"column":8},"end":{"line":91,"column":9}},"type":"if","locations":[{"start":{"line":88,"column":8},"end":{"line":91,"column":9}}]},"5":{"loc":{"start":{"line":95,"column":8},"end":{"line":98,"column":9}},"type":"if","locations":[{"start":{"line":95,"column":8},"end":{"line":98,"column":9}}]},"6":{"loc":{"start":{"line":102,"column":8},"end":{"line":113,"column":9}},"type":"if","locations":[{"start":{"line":102,"column":8},"end":{"line":113,"column":9}}]},"7":{"loc":{"start":{"line":140,"column":23},"end":{"line":140,"column":79}},"type":"cond-expr","locations":[{"start":{"line":140,"column":48},"end":{"line":140,"column":61}},{"start":{"line":140,"column":64},"end":{"line":140,"column":79}}]},"8":{"loc":{"start":{"line":169,"column":39},"end":{"line":169,"column":70}},"type":"default-arg","locations":[{"start":{"line":169,"column":64},"end":{"line":169,"column":70}}]},"9":{"loc":{"start":{"line":170,"column":4},"end":{"line":176,"column":5}},"type":"if","locations":[{"start":{"line":170,"column":4},"end":{"line":176,"column":5}}]},"10":{"loc":{"start":{"line":184,"column":4},"end":{"line":190,"column":5}},"type":"if","locations":[{"start":{"line":184,"column":4},"end":{"line":190,"column":5}}]},"11":{"loc":{"start":{"line":227,"column":42},"end":{"line":227,"column":63}},"type":"default-arg","locations":[{"start":{"line":227,"column":61},"end":{"line":227,"column":63}}]},"12":{"loc":{"start":{"line":228,"column":4},"end":{"line":234,"column":5}},"type":"if","locations":[{"start":{"line":228,"column":4},"end":{"line":234,"column":5}}]},"13":{"loc":{"start":{"line":238,"column":32},"end":{"line":238,"column":104}},"type":"cond-expr","locations":[{"start":{"line":238,"column":52},"end":{"line":238,"column":58}},{"start":{"line":238,"column":61},"end":{"line":238,"column":104}}]},"14":{"loc":{"start":{"line":242,"column":8},"end":{"line":244,"column":50}},"type":"if","locations":[{"start":{"line":242,"column":8},"end":{"line":244,"column":50}},{"start":{"line":243,"column":13},"end":{"line":244,"column":50}}]},"15":{"loc":{"start":{"line":243,"column":13},"end":{"line":244,"column":50}},"type":"if","locations":[{"start":{"line":243,"column":13},"end":{"line":244,"column":50}},{"start":{"line":244,"column":13},"end":{"line":244,"column":50}}]},"16":{"loc":{"start":{"line":291,"column":4},"end":{"line":297,"column":5}},"type":"if","locations":[{"start":{"line":291,"column":4},"end":{"line":297,"column":5}}]},"17":{"loc":{"start":{"line":341,"column":4},"end":{"line":347,"column":5}},"type":"if","locations":[{"start":{"line":341,"column":4},"end":{"line":347,"column":5}}]},"18":{"loc":{"start":{"line":359,"column":4},"end":{"line":359,"column":83}},"type":"if","locations":[{"start":{"line":359,"column":4},"end":{"line":359,"column":83}}]},"19":{"loc":{"start":{"line":360,"column":4},"end":{"line":360,"column":96}},"type":"if","locations":[{"start":{"line":360,"column":4},"end":{"line":360,"column":96}}]},"20":{"loc":{"start":{"line":361,"column":4},"end":{"line":361,"column":87}},"type":"if","locations":[{"start":{"line":361,"column":4},"end":{"line":361,"column":87}}]},"21":{"loc":{"start":{"line":362,"column":4},"end":{"line":362,"column":98}},"type":"if","locations":[{"start":{"line":362,"column":4},"end":{"line":362,"column":98}}]},"22":{"loc":{"start":{"line":363,"column":4},"end":{"line":363,"column":95}},"type":"if","locations":[{"start":{"line":363,"column":4},"end":{"line":363,"column":95}}]},"23":{"loc":{"start":{"line":372,"column":14},"end":{"line":372,"column":50}},"type":"cond-expr","locations":[{"start":{"line":372,"column":27},"end":{"line":372,"column":34}},{"start":{"line":372,"column":37},"end":{"line":372,"column":50}}]},"24":{"loc":{"start":{"line":397,"column":4},"end":{"line":403,"column":5}},"type":"if","locations":[{"start":{"line":397,"column":4},"end":{"line":403,"column":5}}]},"25":{"loc":{"start":{"line":404,"column":4},"end":{"line":410,"column":5}},"type":"if","locations":[{"start":{"line":404,"column":4},"end":{"line":410,"column":5}}]},"26":{"loc":{"start":{"line":411,"column":4},"end":{"line":417,"column":5}},"type":"if","locations":[{"start":{"line":411,"column":4},"end":{"line":417,"column":5}}]},"27":{"loc":{"start":{"line":418,"column":4},"end":{"line":424,"column":5}},"type":"if","locations":[{"start":{"line":418,"column":4},"end":{"line":424,"column":5}}]},"28":{"loc":{"start":{"line":438,"column":4},"end":{"line":449,"column":5}},"type":"if","locations":[{"start":{"line":438,"column":4},"end":{"line":449,"column":5}}]},"29":{"loc":{"start":{"line":459,"column":4},"end":{"line":472,"column":5}},"type":"if","locations":[{"start":{"line":459,"column":4},"end":{"line":472,"column":5}}]},"30":{"loc":{"start":{"line":459,"column":8},"end":{"line":459,"column":45}},"type":"binary-expr","locations":[{"start":{"line":459,"column":8},"end":{"line":459,"column":17}},{"start":{"line":459,"column":21},"end":{"line":459,"column":45}}]},"31":{"loc":{"start":{"line":462,"column":6},"end":{"line":465,"column":7}},"type":"if","locations":[{"start":{"line":462,"column":6},"end":{"line":465,"column":7}}]}},"s":{"0":2,"1":36,"2":36,"3":36,"4":36,"5":10,"6":1,"7":9,"8":1,"9":8,"10":8,"11":8,"12":8,"13":7,"14":7,"15":4,"16":4,"17":7,"18":7,"19":4,"20":4,"21":7,"22":7,"23":3,"24":3,"25":7,"26":7,"27":4,"28":4,"29":7,"30":7,"31":4,"32":4,"33":7,"34":6,"35":6,"36":6,"37":6,"38":6,"39":2,"40":2,"41":2,"42":4,"43":1,"44":3,"45":3,"46":1,"47":2,"48":1,"49":2,"50":2,"51":6,"52":1,"53":5,"54":5,"55":5,"56":5,"57":10,"58":5,"59":5,"60":3,"61":2,"62":5,"63":3,"64":3,"65":3,"66":2,"67":2,"68":5,"69":1,"70":4,"71":4,"72":20,"73":4,"74":15,"75":4,"76":5,"77":1,"78":4,"79":4,"80":4,"81":2,"82":4,"83":1,"84":4,"85":0,"86":4,"87":0,"88":4,"89":0,"90":4,"91":4,"92":7,"93":1,"94":6,"95":1,"96":5,"97":1,"98":4,"99":1,"100":3,"101":3,"102":3,"103":3,"104":3,"105":3,"106":0,"107":0,"108":0,"109":0,"110":0,"111":3,"112":3,"113":3,"114":3,"115":2,"116":2,"117":2,"118":2,"119":2,"120":2,"121":2,"122":2,"123":2,"124":1,"125":2},"f":{"0":36,"1":10,"2":7,"3":1,"4":4,"5":1,"6":6,"7":0,"8":5,"9":20,"10":15,"11":5,"12":7,"13":0,"14":3},"b":{"0":[1],"1":[1],"2":[4],"3":[4],"4":[3],"5":[4],"6":[4],"7":[2,0],"8":[0],"9":[1],"10":[1],"11":[1],"12":[1],"13":[4,1],"14":[5,5],"15":[3,2],"16":[1],"17":[1],"18":[2],"19":[1],"20":[0],"21":[0],"22":[0],"23":[2,2],"24":[1],"25":[1],"26":[1],"27":[1],"28":[3],"29":[2],"30":[3,2],"31":[2]}}
,"/home/dmrcode/Desktop/aegis/packages/aegis-audit/src/services/soft-delete.service.ts": {"path":"/home/dmrcode/Desktop/aegis/packages/aegis-audit/src/services/soft-delete.service.ts","statementMap":{"0":{"start":{"line":8,"column":0},"end":{"line":8,"column":47}},"1":{"start":{"line":24,"column":36},"end":{"line":24,"column":39}},"2":{"start":{"line":25,"column":40},"end":{"line":25,"column":42}},"3":{"start":{"line":31,"column":4},"end":{"line":31,"column":25}},"4":{"start":{"line":32,"column":4},"end":{"line":32,"column":37}},"5":{"start":{"line":60,"column":4},"end":{"line":60,"column":50}},"6":{"start":{"line":62,"column":4},"end":{"line":145,"column":5}},"7":{"start":{"line":64,"column":23},"end":{"line":66,"column":8}},"8":{"start":{"line":68,"column":6},"end":{"line":77,"column":7}},"9":{"start":{"line":69,"column":8},"end":{"line":76,"column":10}},"10":{"start":{"line":80,"column":6},"end":{"line":89,"column":7}},"11":{"start":{"line":81,"column":8},"end":{"line":88,"column":10}},"12":{"start":{"line":92,"column":6},"end":{"line":109,"column":9}},"13":{"start":{"line":94,"column":8},"end":{"line":97,"column":11}},"14":{"start":{"line":100,"column":8},"end":{"line":108,"column":11}},"15":{"start":{"line":112,"column":6},"end":{"line":125,"column":24}},"16":{"start":{"line":127,"column":6},"end":{"line":127,"column":80}},"17":{"start":{"line":129,"column":6},"end":{"line":136,"column":8}},"18":{"start":{"line":138,"column":6},"end":{"line":138,"column":83}},"19":{"start":{"line":140,"column":6},"end":{"line":144,"column":9}},"20":{"start":{"line":166,"column":4},"end":{"line":166,"column":50}},"21":{"start":{"line":168,"column":4},"end":{"line":240,"column":5}},"22":{"start":{"line":170,"column":29},"end":{"line":177,"column":8}},"23":{"start":{"line":179,"column":6},"end":{"line":186,"column":7}},"24":{"start":{"line":180,"column":8},"end":{"line":185,"column":10}},"25":{"start":{"line":189,"column":6},"end":{"line":196,"column":7}},"26":{"start":{"line":190,"column":8},"end":{"line":195,"column":10}},"27":{"start":{"line":199,"column":6},"end":{"line":210,"column":9}},"28":{"start":{"line":201,"column":8},"end":{"line":204,"column":11}},"29":{"start":{"line":207,"column":8},"end":{"line":209,"column":11}},"30":{"start":{"line":213,"column":6},"end":{"line":222,"column":24}},"31":{"start":{"line":224,"column":6},"end":{"line":224,"column":65}},"32":{"start":{"line":226,"column":6},"end":{"line":231,"column":8}},"33":{"start":{"line":233,"column":6},"end":{"line":233,"column":79}},"34":{"start":{"line":235,"column":6},"end":{"line":239,"column":9}},"35":{"start":{"line":261,"column":4},"end":{"line":261,"column":50}},"36":{"start":{"line":263,"column":4},"end":{"line":338,"column":5}},"37":{"start":{"line":265,"column":29},"end":{"line":272,"column":8}},"38":{"start":{"line":274,"column":6},"end":{"line":281,"column":7}},"39":{"start":{"line":275,"column":8},"end":{"line":280,"column":10}},"40":{"start":{"line":284,"column":6},"end":{"line":291,"column":7}},"41":{"start":{"line":285,"column":8},"end":{"line":290,"column":10}},"42":{"start":{"line":294,"column":6},"end":{"line":308,"column":9}},"43":{"start":{"line":296,"column":8},"end":{"line":298,"column":11}},"44":{"start":{"line":301,"column":8},"end":{"line":307,"column":11}},"45":{"start":{"line":311,"column":6},"end":{"line":320,"column":24}},"46":{"start":{"line":322,"column":6},"end":{"line":322,"column":69}},"47":{"start":{"line":324,"column":6},"end":{"line":329,"column":8}},"48":{"start":{"line":331,"column":6},"end":{"line":331,"column":83}},"49":{"start":{"line":333,"column":6},"end":{"line":337,"column":9}},"50":{"start":{"line":366,"column":6},"end":{"line":366,"column":13}},"51":{"start":{"line":368,"column":20},"end":{"line":368,"column":69}},"52":{"start":{"line":369,"column":21},"end":{"line":369,"column":40}},"53":{"start":{"line":371,"column":37},"end":{"line":371,"column":39}},"54":{"start":{"line":372,"column":2},"end":{"line":372,"column":48}},"55":{"start":{"line":372,"column":18},"end":{"line":372,"column":48}},"56":{"start":{"line":375,"column":2},"end":{"line":377,"column":3}},"57":{"start":{"line":376,"column":4},"end":{"line":376,"column":32}},"58":{"start":{"line":380,"column":18},"end":{"line":385,"column":4}},"59":{"start":{"line":387,"column":2},"end":{"line":397,"column":6}},"60":{"start":{"line":387,"column":34},"end":{"line":397,"column":4}},"61":{"start":{"line":419,"column":4},"end":{"line":419,"column":50}},"62":{"start":{"line":421,"column":19},"end":{"line":428,"column":6}},"63":{"start":{"line":430,"column":4},"end":{"line":437,"column":5}},"64":{"start":{"line":431,"column":6},"end":{"line":436,"column":8}},"65":{"start":{"line":439,"column":4},"end":{"line":444,"column":6}},"66":{"start":{"line":455,"column":4},"end":{"line":461,"column":5}},"67":{"start":{"line":456,"column":6},"end":{"line":460,"column":9}},"68":{"start":{"line":462,"column":4},"end":{"line":468,"column":5}},"69":{"start":{"line":463,"column":6},"end":{"line":467,"column":9}},"70":{"start":{"line":475,"column":4},"end":{"line":475,"column":30}},"71":{"start":{"line":475,"column":14},"end":{"line":475,"column":30}},"72":{"start":{"line":476,"column":4},"end":{"line":480,"column":5}},"73":{"start":{"line":477,"column":6},"end":{"line":477,"column":29}},"74":{"start":{"line":479,"column":6},"end":{"line":479,"column":22}},"75":{"start":{"line":23,"column":0},"end":{"line":23,"column":13}}},"fnMap":{"0":{"name":"(anonymous_0)","decl":{"start":{"line":30,"column":2},"end":{"line":30,"column":14}},"loc":{"start":{"line":30,"column":67},"end":{"line":33,"column":3}}},"1":{"name":"(anonymous_1)","decl":{"start":{"line":53,"column":2},"end":{"line":53,"column":7}},"loc":{"start":{"line":57,"column":19},"end":{"line":146,"column":3}}},"2":{"name":"(anonymous_2)","decl":{"start":{"line":92,"column":37},"end":{"line":92,"column":42}},"loc":{"start":{"line":92,"column":50},"end":{"line":109,"column":7}}},"3":{"name":"(anonymous_3)","decl":{"start":{"line":125,"column":14},"end":{"line":125,"column":17}},"loc":{"start":{"line":125,"column":19},"end":{"line":125,"column":22}}},"4":{"name":"(anonymous_4)","decl":{"start":{"line":164,"column":2},"end":{"line":164,"column":7}},"loc":{"start":{"line":164,"column":52},"end":{"line":241,"column":3}}},"5":{"name":"(anonymous_5)","decl":{"start":{"line":199,"column":37},"end":{"line":199,"column":42}},"loc":{"start":{"line":199,"column":50},"end":{"line":210,"column":7}}},"6":{"name":"(anonymous_6)","decl":{"start":{"line":222,"column":14},"end":{"line":222,"column":17}},"loc":{"start":{"line":222,"column":19},"end":{"line":222,"column":22}}},"7":{"name":"(anonymous_7)","decl":{"start":{"line":259,"column":2},"end":{"line":259,"column":7}},"loc":{"start":{"line":259,"column":55},"end":{"line":339,"column":3}}},"8":{"name":"(anonymous_8)","decl":{"start":{"line":294,"column":37},"end":{"line":294,"column":42}},"loc":{"start":{"line":294,"column":50},"end":{"line":308,"column":7}}},"9":{"name":"(anonymous_9)","decl":{"start":{"line":320,"column":14},"end":{"line":320,"column":17}},"loc":{"start":{"line":320,"column":19},"end":{"line":320,"column":22}}},"10":{"name":"(anonymous_10)","decl":{"start":{"line":358,"column":2},"end":{"line":358,"column":7}},"loc":{"start":{"line":359,"column":37},"end":{"line":398,"column":1}}},"11":{"name":"(anonymous_11)","decl":{"start":{"line":387,"column":21},"end":{"line":387,"column":22}},"loc":{"start":{"line":387,"column":34},"end":{"line":397,"column":4}}},"12":{"name":"(anonymous_12)","decl":{"start":{"line":414,"column":2},"end":{"line":414,"column":7}},"loc":{"start":{"line":416,"column":20},"end":{"line":445,"column":3}}},"13":{"name":"(anonymous_13)","decl":{"start":{"line":454,"column":10},"end":{"line":454,"column":28}},"loc":{"start":{"line":454,"column":65},"end":{"line":469,"column":3}}},"14":{"name":"(anonymous_14)","decl":{"start":{"line":474,"column":10},"end":{"line":474,"column":23}},"loc":{"start":{"line":474,"column":62},"end":{"line":481,"column":3}}}},"branchMap":{"0":{"loc":{"start":{"line":68,"column":6},"end":{"line":77,"column":7}},"type":"if","locations":[{"start":{"line":68,"column":6},"end":{"line":77,"column":7}}]},"1":{"loc":{"start":{"line":80,"column":6},"end":{"line":89,"column":7}},"type":"if","locations":[{"start":{"line":80,"column":6},"end":{"line":89,"column":7}}]},"2":{"loc":{"start":{"line":86,"column":21},"end":{"line":86,"column":52}},"type":"binary-expr","locations":[{"start":{"line":86,"column":21},"end":{"line":86,"column":39}},{"start":{"line":86,"column":43},"end":{"line":86,"column":52}}]},"3":{"loc":{"start":{"line":87,"column":26},"end":{"line":87,"column":59}},"type":"binary-expr","locations":[{"start":{"line":87,"column":26},"end":{"line":87,"column":49}},{"start":{"line":87,"column":53},"end":{"line":87,"column":59}}]},"4":{"loc":{"start":{"line":105,"column":23},"end":{"line":105,"column":40}},"type":"binary-expr","locations":[{"start":{"line":105,"column":23},"end":{"line":105,"column":32}},{"start":{"line":105,"column":36},"end":{"line":105,"column":40}}]},"5":{"loc":{"start":{"line":106,"column":28},"end":{"line":106,"column":42}},"type":"binary-expr","locations":[{"start":{"line":106,"column":28},"end":{"line":106,"column":34}},{"start":{"line":106,"column":38},"end":{"line":106,"column":42}}]},"6":{"loc":{"start":{"line":113,"column":8},"end":{"line":113,"column":29}},"type":"binary-expr","locations":[{"start":{"line":113,"column":8},"end":{"line":113,"column":17}},{"start":{"line":113,"column":21},"end":{"line":113,"column":29}}]},"7":{"loc":{"start":{"line":179,"column":6},"end":{"line":186,"column":7}},"type":"if","locations":[{"start":{"line":179,"column":6},"end":{"line":186,"column":7}}]},"8":{"loc":{"start":{"line":189,"column":6},"end":{"line":196,"column":7}},"type":"if","locations":[{"start":{"line":189,"column":6},"end":{"line":196,"column":7}}]},"9":{"loc":{"start":{"line":274,"column":6},"end":{"line":281,"column":7}},"type":"if","locations":[{"start":{"line":274,"column":6},"end":{"line":281,"column":7}}]},"10":{"loc":{"start":{"line":284,"column":6},"end":{"line":291,"column":7}},"type":"if","locations":[{"start":{"line":284,"column":6},"end":{"line":291,"column":7}}]},"11":{"loc":{"start":{"line":359,"column":2},"end":{"line":359,"column":37}},"type":"default-arg","locations":[{"start":{"line":359,"column":35},"end":{"line":359,"column":37}}]},"12":{"loc":{"start":{"line":363,"column":4},"end":{"line":363,"column":35}},"type":"default-arg","locations":[{"start":{"line":363,"column":12},"end":{"line":363,"column":35}}]},"13":{"loc":{"start":{"line":364,"column":4},"end":{"line":364,"column":14}},"type":"default-arg","locations":[{"start":{"line":364,"column":13},"end":{"line":364,"column":14}}]},"14":{"loc":{"start":{"line":365,"column":4},"end":{"line":365,"column":30}},"type":"default-arg","locations":[{"start":{"line":365,"column":25},"end":{"line":365,"column":30}}]},"15":{"loc":{"start":{"line":372,"column":2},"end":{"line":372,"column":48}},"type":"if","locations":[{"start":{"line":372,"column":2},"end":{"line":372,"column":48}}]},"16":{"loc":{"start":{"line":375,"column":2},"end":{"line":377,"column":3}},"type":"if","locations":[{"start":{"line":375,"column":2},"end":{"line":377,"column":3}}]},"17":{"loc":{"start":{"line":430,"column":4},"end":{"line":437,"column":5}},"type":"if","locations":[{"start":{"line":430,"column":4},"end":{"line":437,"column":5}}]},"18":{"loc":{"start":{"line":455,"column":4},"end":{"line":461,"column":5}},"type":"if","locations":[{"start":{"line":455,"column":4},"end":{"line":461,"column":5}}]},"19":{"loc":{"start":{"line":455,"column":8},"end":{"line":455,"column":87}},"type":"binary-expr","locations":[{"start":{"line":455,"column":8},"end":{"line":455,"column":19}},{"start":{"line":455,"column":23},"end":{"line":455,"column":53}},{"start":{"line":455,"column":57},"end":{"line":455,"column":87}}]},"20":{"loc":{"start":{"line":462,"column":4},"end":{"line":468,"column":5}},"type":"if","locations":[{"start":{"line":462,"column":4},"end":{"line":468,"column":5}}]},"21":{"loc":{"start":{"line":462,"column":8},"end":{"line":462,"column":81}},"type":"binary-expr","locations":[{"start":{"line":462,"column":8},"end":{"line":462,"column":17}},{"start":{"line":462,"column":21},"end":{"line":462,"column":49}},{"start":{"line":462,"column":53},"end":{"line":462,"column":81}}]},"22":{"loc":{"start":{"line":474,"column":44},"end":{"line":474,"column":62}},"type":"default-arg","locations":[{"start":{"line":474,"column":60},"end":{"line":474,"column":62}}]},"23":{"loc":{"start":{"line":475,"column":4},"end":{"line":475,"column":30}},"type":"if","locations":[{"start":{"line":475,"column":4},"end":{"line":475,"column":30}}]}},"s":{"0":2,"1":34,"2":34,"3":34,"4":34,"5":6,"6":4,"7":4,"8":4,"9":1,"10":3,"11":1,"12":2,"13":2,"14":2,"15":2,"16":2,"17":2,"18":0,"19":0,"20":5,"21":3,"22":3,"23":3,"24":1,"25":2,"26":1,"27":1,"28":1,"29":1,"30":1,"31":1,"32":1,"33":0,"34":0,"35":6,"36":4,"37":4,"38":4,"39":1,"40":3,"41":1,"42":2,"43":2,"44":2,"45":2,"46":2,"47":2,"48":0,"49":0,"50":4,"51":4,"52":4,"53":4,"54":4,"55":2,"56":4,"57":3,"58":4,"59":4,"60":1,"61":5,"62":3,"63":3,"64":1,"65":2,"66":22,"67":4,"68":18,"69":4,"70":1,"71":0,"72":1,"73":1,"74":0,"75":2},"f":{"0":34,"1":6,"2":2,"3":1,"4":5,"5":1,"6":0,"7":6,"8":2,"9":1,"10":4,"11":1,"12":5,"13":22,"14":1},"b":{"0":[1],"1":[1],"2":[1,1],"3":[1,1],"4":[2,0],"5":[2,0],"6":[2,0],"7":[1],"8":[1],"9":[1],"10":[1],"11":[0],"12":[3],"13":[3],"14":[3],"15":[2],"16":[3],"17":[1],"18":[4],"19":[22,18,18],"20":[4],"21":[18,14,14],"22":[1],"23":[0]}}
,"/home/dmrcode/Desktop/aegis/packages/aegis-audit/src/utils/audit-helpers.ts": {"path":"/home/dmrcode/Desktop/aegis/packages/aegis-audit/src/utils/audit-helpers.ts","statementMap":{"0":{"start":{"line":30,"column":0},"end":{"line":30,"column":16}},"1":{"start":{"line":96,"column":0},"end":{"line":96,"column":16}},"2":{"start":{"line":162,"column":0},"end":{"line":162,"column":16}},"3":{"start":{"line":213,"column":0},"end":{"line":213,"column":16}},"4":{"start":{"line":250,"column":0},"end":{"line":250,"column":16}},"5":{"start":{"line":270,"column":0},"end":{"line":270,"column":16}},"6":{"start":{"line":5,"column":0},"end":{"line":5,"column":28}},"7":{"start":{"line":35,"column":58},"end":{"line":35,"column":60}},"8":{"start":{"line":38,"column":18},"end":{"line":41,"column":4}},"9":{"start":{"line":43,"column":2},"end":{"line":57,"column":3}},"10":{"start":{"line":45,"column":4},"end":{"line":45,"column":46}},"11":{"start":{"line":45,"column":37},"end":{"line":45,"column":46}},"12":{"start":{"line":47,"column":21},"end":{"line":47,"column":35}},"13":{"start":{"line":48,"column":21},"end":{"line":48,"column":35}},"14":{"start":{"line":51,"column":4},"end":{"line":51,"column":40}},"15":{"start":{"line":51,"column":31},"end":{"line":51,"column":40}},"16":{"start":{"line":54,"column":4},"end":{"line":56,"column":5}},"17":{"start":{"line":55,"column":6},"end":{"line":55,"column":54}},"18":{"start":{"line":59,"column":2},"end":{"line":59,"column":17}},"19":{"start":{"line":101,"column":27},"end":{"line":109,"column":4}},"20":{"start":{"line":111,"column":23},"end":{"line":111,"column":64}},"21":{"start":{"line":112,"column":38},"end":{"line":112,"column":40}},"22":{"start":{"line":114,"column":2},"end":{"line":132,"column":3}},"23":{"start":{"line":116,"column":4},"end":{"line":131,"column":5}},"24":{"start":{"line":116,"column":37},"end":{"line":116,"column":84}},"25":{"start":{"line":117,"column":6},"end":{"line":117,"column":33}},"26":{"start":{"line":120,"column":9},"end":{"line":131,"column":5}},"27":{"start":{"line":126,"column":6},"end":{"line":126,"column":62}},"28":{"start":{"line":130,"column":6},"end":{"line":130,"column":26}},"29":{"start":{"line":134,"column":2},"end":{"line":134,"column":16}},"30":{"start":{"line":166,"column":26},"end":{"line":166,"column":28}},"31":{"start":{"line":168,"column":2},"end":{"line":172,"column":3}},"32":{"start":{"line":169,"column":19},"end":{"line":169,"column":51}},"33":{"start":{"line":170,"column":19},"end":{"line":170,"column":51}},"34":{"start":{"line":171,"column":4},"end":{"line":171,"column":54}},"35":{"start":{"line":174,"column":2},"end":{"line":174,"column":26}},"36":{"start":{"line":182,"column":4},"end":{"line":182,"column":79}},"37":{"start":{"line":183,"column":2},"end":{"line":183,"column":76}},"38":{"start":{"line":215,"column":20},"end":{"line":215,"column":53}},"39":{"start":{"line":216,"column":2},"end":{"line":218,"column":3}},"40":{"start":{"line":217,"column":4},"end":{"line":217,"column":42}},"41":{"start":{"line":221,"column":15},"end":{"line":221,"column":49}},"42":{"start":{"line":222,"column":2},"end":{"line":222,"column":24}},"43":{"start":{"line":222,"column":12},"end":{"line":222,"column":24}},"44":{"start":{"line":225,"column":2},"end":{"line":230,"column":4}},"45":{"start":{"line":251,"column":2},"end":{"line":251,"column":51}},"46":{"start":{"line":271,"column":2},"end":{"line":271,"column":75}}},"fnMap":{"0":{"name":"diffChanges","decl":{"start":{"line":30,"column":16},"end":{"line":30,"column":27}},"loc":{"start":{"line":33,"column":30},"end":{"line":60,"column":1}}},"1":{"name":"maskSensitiveData","decl":{"start":{"line":96,"column":16},"end":{"line":96,"column":33}},"loc":{"start":{"line":98,"column":32},"end":{"line":135,"column":1}}},"2":{"name":"(anonymous_3)","decl":{"start":{"line":116,"column":26},"end":{"line":116,"column":27}},"loc":{"start":{"line":116,"column":37},"end":{"line":116,"column":84}}},"3":{"name":"generateChangesSummary","decl":{"start":{"line":162,"column":16},"end":{"line":162,"column":38}},"loc":{"start":{"line":164,"column":24},"end":{"line":175,"column":1}}},"4":{"name":"truncateValue","decl":{"start":{"line":180,"column":9},"end":{"line":180,"column":22}},"loc":{"start":{"line":180,"column":52},"end":{"line":184,"column":1}}},"5":{"name":"getClientIp","decl":{"start":{"line":213,"column":16},"end":{"line":213,"column":27}},"loc":{"start":{"line":213,"column":36},"end":{"line":231,"column":1}}},"6":{"name":"getUserAgent","decl":{"start":{"line":250,"column":16},"end":{"line":250,"column":28}},"loc":{"start":{"line":250,"column":37},"end":{"line":252,"column":1}}},"7":{"name":"generateAuditId","decl":{"start":{"line":270,"column":16},"end":{"line":270,"column":31}},"loc":{"start":{"line":270,"column":31},"end":{"line":272,"column":1}}}},"branchMap":{"0":{"loc":{"start":{"line":33,"column":2},"end":{"line":33,"column":30}},"type":"default-arg","locations":[{"start":{"line":33,"column":28},"end":{"line":33,"column":30}}]},"1":{"loc":{"start":{"line":39,"column":19},"end":{"line":39,"column":32}},"type":"binary-expr","locations":[{"start":{"line":39,"column":19},"end":{"line":39,"column":26}},{"start":{"line":39,"column":30},"end":{"line":39,"column":32}}]},"2":{"loc":{"start":{"line":40,"column":19},"end":{"line":40,"column":32}},"type":"binary-expr","locations":[{"start":{"line":40,"column":19},"end":{"line":40,"column":26}},{"start":{"line":40,"column":30},"end":{"line":40,"column":32}}]},"3":{"loc":{"start":{"line":45,"column":4},"end":{"line":45,"column":46}},"type":"if","locations":[{"start":{"line":45,"column":4},"end":{"line":45,"column":46}}]},"4":{"loc":{"start":{"line":51,"column":4},"end":{"line":51,"column":40}},"type":"if","locations":[{"start":{"line":51,"column":4},"end":{"line":51,"column":40}}]},"5":{"loc":{"start":{"line":54,"column":4},"end":{"line":56,"column":5}},"type":"if","locations":[{"start":{"line":54,"column":4},"end":{"line":56,"column":5}}]},"6":{"loc":{"start":{"line":98,"column":2},"end":{"line":98,"column":32}},"type":"default-arg","locations":[{"start":{"line":98,"column":30},"end":{"line":98,"column":32}}]},"7":{"loc":{"start":{"line":116,"column":4},"end":{"line":131,"column":5}},"type":"if","locations":[{"start":{"line":116,"column":4},"end":{"line":131,"column":5}},{"start":{"line":120,"column":9},"end":{"line":131,"column":5}}]},"8":{"loc":{"start":{"line":120,"column":9},"end":{"line":131,"column":5}},"type":"if","locations":[{"start":{"line":120,"column":9},"end":{"line":131,"column":5}},{"start":{"line":129,"column":9},"end":{"line":131,"column":5}}]},"9":{"loc":{"start":{"line":121,"column":6},"end":{"line":124,"column":30}},"type":"binary-expr","locations":[{"start":{"line":121,"column":6},"end":{"line":121,"column":11}},{"start":{"line":122,"column":6},"end":{"line":122,"column":31}},{"start":{"line":123,"column":6},"end":{"line":123,"column":27}},{"start":{"line":124,"column":6},"end":{"line":124,"column":30}}]},"10":{"loc":{"start":{"line":164,"column":2},"end":{"line":164,"column":24}},"type":"default-arg","locations":[{"start":{"line":164,"column":22},"end":{"line":164,"column":24}}]},"11":{"loc":{"start":{"line":182,"column":4},"end":{"line":182,"column":79}},"type":"cond-expr","locations":[{"start":{"line":182,"column":32},"end":{"line":182,"column":53}},{"start":{"line":182,"column":56},"end":{"line":182,"column":79}}]},"12":{"loc":{"start":{"line":182,"column":63},"end":{"line":182,"column":78}},"type":"binary-expr","locations":[{"start":{"line":182,"column":63},"end":{"line":182,"column":68}},{"start":{"line":182,"column":72},"end":{"line":182,"column":78}}]},"13":{"loc":{"start":{"line":183,"column":9},"end":{"line":183,"column":75}},"type":"cond-expr","locations":[{"start":{"line":183,"column":34},"end":{"line":183,"column":69}},{"start":{"line":183,"column":72},"end":{"line":183,"column":75}}]},"14":{"loc":{"start":{"line":216,"column":2},"end":{"line":218,"column":3}},"type":"if","locations":[{"start":{"line":216,"column":2},"end":{"line":218,"column":3}}]},"15":{"loc":{"start":{"line":222,"column":2},"end":{"line":222,"column":24}},"type":"if","locations":[{"start":{"line":222,"column":2},"end":{"line":222,"column":24}}]},"16":{"loc":{"start":{"line":226,"column":4},"end":{"line":229,"column":13}},"type":"binary-expr","locations":[{"start":{"line":226,"column":4},"end":{"line":226,"column":11}},{"start":{"line":227,"column":4},"end":{"line":227,"column":30}},{"start":{"line":228,"column":4},"end":{"line":228,"column":34}},{"start":{"line":229,"column":4},"end":{"line":229,"column":13}}]},"17":{"loc":{"start":{"line":251,"column":9},"end":{"line":251,"column":50}},"type":"binary-expr","locations":[{"start":{"line":251,"column":9},"end":{"line":251,"column":37}},{"start":{"line":251,"column":41},"end":{"line":251,"column":50}}]}},"s":{"0":2,"1":2,"2":2,"3":2,"4":2,"5":2,"6":2,"7":7,"8":7,"9":7,"10":13,"11":1,"12":12,"13":12,"14":12,"15":4,"16":8,"17":8,"18":7,"19":28,"20":28,"21":28,"22":28,"23":34,"24":310,"25":7,"26":27,"27":5,"28":22,"29":28,"30":27,"31":27,"32":21,"33":21,"34":21,"35":27,"36":42,"37":42,"38":6,"39":6,"40":1,"41":5,"42":5,"43":1,"44":4,"45":3,"46":26},"f":{"0":7,"1":28,"2":310,"3":27,"4":42,"5":6,"6":3,"7":26},"b":{"0":[6],"1":[7,0],"2":[7,0],"3":[1],"4":[4],"5":[8],"6":[5],"7":[7,27],"8":[5,22],"9":[27,25,8,6],"10":[26],"11":[4,38],"12":[38,16],"13":[1,41],"14":[1],"15":[1],"16":[4,3,2,2],"17":[3,2]}}
}
