{"/home/dmrcode/Desktop/aegis/packages/aegis-audit/src/services/audit-trail.service.ts": {"path":"/home/dmrcode/Desktop/aegis/packages/aegis-audit/src/services/audit-trail.service.ts","statementMap":{"0":{"start":{"line":6,"column":0},"end":{"line":6,"column":47}},"1":{"start":{"line":7,"column":0},"end":{"line":7,"column":33}},"2":{"start":{"line":20,"column":0},"end":{"line":20,"column":null}},"3":{"start":{"line":41,"column":35},"end":{"line":41,"column":38}},"4":{"start":{"line":42,"column":39},"end":{"line":42,"column":41}},"5":{"start":{"line":43,"column":40},"end":{"line":43,"column":43}},"6":{"start":{"line":44,"column":35},"end":{"line":44,"column":39}},"7":{"start":{"line":50,"column":4},"end":{"line":50,"column":25}},"8":{"start":{"line":51,"column":4},"end":{"line":58,"column":6}},"9":{"start":{"line":93,"column":4},"end":{"line":99,"column":5}},"10":{"start":{"line":94,"column":6},"end":{"line":98,"column":9}},"11":{"start":{"line":100,"column":4},"end":{"line":106,"column":5}},"12":{"start":{"line":101,"column":6},"end":{"line":105,"column":9}},"13":{"start":{"line":107,"column":4},"end":{"line":113,"column":5}},"14":{"start":{"line":108,"column":6},"end":{"line":112,"column":9}},"15":{"start":{"line":115,"column":15},"end":{"line":115,"column":32}},"16":{"start":{"line":116,"column":27},"end":{"line":116,"column":58}},"17":{"start":{"line":117,"column":26},"end":{"line":117,"column":74}},"18":{"start":{"line":118,"column":21},"end":{"line":118,"column":66}},"19":{"start":{"line":120,"column":4},"end":{"line":193,"column":5}},"20":{"start":{"line":122,"column":18},"end":{"line":139,"column":8}},"21":{"start":{"line":141,"column":6},"end":{"line":146,"column":9}},"22":{"start":{"line":148,"column":6},"end":{"line":148,"column":37}},"23":{"start":{"line":151,"column":6},"end":{"line":155,"column":9}},"24":{"start":{"line":157,"column":6},"end":{"line":192,"column":7}},"25":{"start":{"line":158,"column":26},"end":{"line":176,"column":10}},"26":{"start":{"line":178,"column":8},"end":{"line":178,"column":76}},"27":{"start":{"line":179,"column":8},"end":{"line":179,"column":45}},"28":{"start":{"line":182,"column":8},"end":{"line":186,"column":11}},"29":{"start":{"line":187,"column":8},"end":{"line":191,"column":11}},"30":{"start":{"line":217,"column":73},"end":{"line":217,"column":80}},"31":{"start":{"line":220,"column":17},"end":{"line":220,"column":50}},"32":{"start":{"line":221,"column":21},"end":{"line":223,"column":null}},"33":{"start":{"line":225,"column":17},"end":{"line":225,"column":38}},"34":{"start":{"line":228,"column":39},"end":{"line":228,"column":41}},"35":{"start":{"line":229,"column":4},"end":{"line":229,"column":38}},"36":{"start":{"line":229,"column":16},"end":{"line":229,"column":38}},"37":{"start":{"line":230,"column":4},"end":{"line":230,"column":50}},"38":{"start":{"line":230,"column":20},"end":{"line":230,"column":50}},"39":{"start":{"line":231,"column":4},"end":{"line":231,"column":38}},"40":{"start":{"line":231,"column":16},"end":{"line":231,"column":38}},"41":{"start":{"line":232,"column":4},"end":{"line":232,"column":44}},"42":{"start":{"line":232,"column":18},"end":{"line":232,"column":44}},"43":{"start":{"line":233,"column":4},"end":{"line":237,"column":5}},"44":{"start":{"line":234,"column":6},"end":{"line":234,"column":27}},"45":{"start":{"line":235,"column":6},"end":{"line":235,"column":53}},"46":{"start":{"line":235,"column":21},"end":{"line":235,"column":53}},"47":{"start":{"line":236,"column":6},"end":{"line":236,"column":49}},"48":{"start":{"line":236,"column":19},"end":{"line":236,"column":49}},"49":{"start":{"line":240,"column":20},"end":{"line":240,"column":54}},"50":{"start":{"line":243,"column":26},"end":{"line":251,"column":6}},"51":{"start":{"line":253,"column":4},"end":{"line":259,"column":6}},"52":{"start":{"line":254,"column":30},"end":{"line":254,"column":53}},"53":{"start":{"line":277,"column":4},"end":{"line":283,"column":5}},"54":{"start":{"line":278,"column":6},"end":{"line":282,"column":9}},"55":{"start":{"line":285,"column":16},"end":{"line":287,"column":6}},"56":{"start":{"line":289,"column":4},"end":{"line":289,"column":48}},"57":{"start":{"line":315,"column":41},"end":{"line":315,"column":63}},"58":{"start":{"line":316,"column":4},"end":{"line":322,"column":5}},"59":{"start":{"line":317,"column":6},"end":{"line":321,"column":9}},"60":{"start":{"line":324,"column":21},"end":{"line":326,"column":6}},"61":{"start":{"line":328,"column":4},"end":{"line":335,"column":5}},"62":{"start":{"line":330,"column":8},"end":{"line":330,"column":58}},"63":{"start":{"line":332,"column":8},"end":{"line":332,"column":39}},"64":{"start":{"line":334,"column":8},"end":{"line":334,"column":45}},"65":{"start":{"line":357,"column":4},"end":{"line":363,"column":5}},"66":{"start":{"line":358,"column":6},"end":{"line":362,"column":9}},"67":{"start":{"line":365,"column":87},"end":{"line":365,"column":94}},"68":{"start":{"line":366,"column":22},"end":{"line":366,"column":75}},"69":{"start":{"line":368,"column":39},"end":{"line":368,"column":49}},"70":{"start":{"line":369,"column":4},"end":{"line":369,"column":53}},"71":{"start":{"line":369,"column":26},"end":{"line":369,"column":53}},"72":{"start":{"line":370,"column":4},"end":{"line":370,"column":72}},"73":{"start":{"line":370,"column":31},"end":{"line":370,"column":72}},"74":{"start":{"line":372,"column":17},"end":{"line":384,"column":6}},"75":{"start":{"line":386,"column":4},"end":{"line":393,"column":8}},"76":{"start":{"line":386,"column":30},"end":{"line":393,"column":6}},"77":{"start":{"line":416,"column":4},"end":{"line":422,"column":5}},"78":{"start":{"line":417,"column":6},"end":{"line":421,"column":9}},"79":{"start":{"line":423,"column":4},"end":{"line":429,"column":5}},"80":{"start":{"line":424,"column":6},"end":{"line":428,"column":9}},"81":{"start":{"line":431,"column":17},"end":{"line":438,"column":6}},"82":{"start":{"line":440,"column":4},"end":{"line":440,"column":54}},"83":{"start":{"line":440,"column":29},"end":{"line":440,"column":52}},"84":{"start":{"line":462,"column":4},"end":{"line":468,"column":5}},"85":{"start":{"line":463,"column":6},"end":{"line":467,"column":9}},"86":{"start":{"line":470,"column":22},"end":{"line":470,"column":52}},"87":{"start":{"line":471,"column":73},"end":{"line":471,"column":80}},"88":{"start":{"line":474,"column":39},"end":{"line":474,"column":41}},"89":{"start":{"line":477,"column":4},"end":{"line":477,"column":38}},"90":{"start":{"line":477,"column":16},"end":{"line":477,"column":38}},"91":{"start":{"line":478,"column":4},"end":{"line":478,"column":50}},"92":{"start":{"line":478,"column":20},"end":{"line":478,"column":50}},"93":{"start":{"line":479,"column":4},"end":{"line":479,"column":38}},"94":{"start":{"line":479,"column":16},"end":{"line":479,"column":38}},"95":{"start":{"line":480,"column":4},"end":{"line":480,"column":44}},"96":{"start":{"line":480,"column":18},"end":{"line":480,"column":44}},"97":{"start":{"line":481,"column":4},"end":{"line":485,"column":5}},"98":{"start":{"line":482,"column":6},"end":{"line":482,"column":27}},"99":{"start":{"line":483,"column":6},"end":{"line":483,"column":53}},"100":{"start":{"line":483,"column":21},"end":{"line":483,"column":53}},"101":{"start":{"line":484,"column":6},"end":{"line":484,"column":49}},"102":{"start":{"line":484,"column":19},"end":{"line":484,"column":49}},"103":{"start":{"line":488,"column":4},"end":{"line":492,"column":6}},"104":{"start":{"line":494,"column":17},"end":{"line":498,"column":6}},"105":{"start":{"line":500,"column":4},"end":{"line":500,"column":54}},"106":{"start":{"line":500,"column":29},"end":{"line":500,"column":52}},"107":{"start":{"line":521,"column":4},"end":{"line":527,"column":5}},"108":{"start":{"line":522,"column":6},"end":{"line":526,"column":9}},"109":{"start":{"line":530,"column":22},"end":{"line":532,"column":6}},"110":{"start":{"line":534,"column":4},"end":{"line":537,"column":5}},"111":{"start":{"line":535,"column":6},"end":{"line":535,"column":64}},"112":{"start":{"line":536,"column":6},"end":{"line":536,"column":19}},"113":{"start":{"line":540,"column":4},"end":{"line":543,"column":5}},"114":{"start":{"line":541,"column":6},"end":{"line":541,"column":82}},"115":{"start":{"line":542,"column":6},"end":{"line":542,"column":19}},"116":{"start":{"line":545,"column":4},"end":{"line":579,"column":5}},"117":{"start":{"line":547,"column":6},"end":{"line":562,"column":9}},"118":{"start":{"line":565,"column":6},"end":{"line":567,"column":9}},"119":{"start":{"line":569,"column":6},"end":{"line":573,"column":9}},"120":{"start":{"line":575,"column":6},"end":{"line":575,"column":18}},"121":{"start":{"line":577,"column":6},"end":{"line":577,"column":80}},"122":{"start":{"line":578,"column":6},"end":{"line":578,"column":19}},"123":{"start":{"line":602,"column":4},"end":{"line":608,"column":5}},"124":{"start":{"line":603,"column":6},"end":{"line":607,"column":9}},"125":{"start":{"line":611,"column":4},"end":{"line":617,"column":5}},"126":{"start":{"line":612,"column":6},"end":{"line":616,"column":9}},"127":{"start":{"line":619,"column":19},"end":{"line":623,"column":6}},"128":{"start":{"line":625,"column":4},"end":{"line":628,"column":7}},"129":{"start":{"line":630,"column":4},"end":{"line":630,"column":24}},"130":{"start":{"line":651,"column":4},"end":{"line":657,"column":5}},"131":{"start":{"line":652,"column":6},"end":{"line":656,"column":9}},"132":{"start":{"line":659,"column":17},"end":{"line":663,"column":6}},"133":{"start":{"line":665,"column":4},"end":{"line":665,"column":54}},"134":{"start":{"line":665,"column":29},"end":{"line":665,"column":52}},"135":{"start":{"line":690,"column":4},"end":{"line":696,"column":5}},"136":{"start":{"line":691,"column":6},"end":{"line":695,"column":9}},"137":{"start":{"line":699,"column":4},"end":{"line":705,"column":5}},"138":{"start":{"line":700,"column":6},"end":{"line":704,"column":9}},"139":{"start":{"line":708,"column":25},"end":{"line":730,"column":6}},"140":{"start":{"line":709,"column":17},"end":{"line":709,"column":34}},"141":{"start":{"line":710,"column":29},"end":{"line":710,"column":64}},"142":{"start":{"line":711,"column":28},"end":{"line":711,"column":80}},"143":{"start":{"line":712,"column":23},"end":{"line":712,"column":72}},"144":{"start":{"line":714,"column":6},"end":{"line":729,"column":8}},"145":{"start":{"line":732,"column":19},"end":{"line":734,"column":6}},"146":{"start":{"line":736,"column":4},"end":{"line":739,"column":7}},"147":{"start":{"line":741,"column":4},"end":{"line":741,"column":24}},"148":{"start":{"line":752,"column":4},"end":{"line":769,"column":6}},"149":{"start":{"line":777,"column":4},"end":{"line":779,"column":5}},"150":{"start":{"line":778,"column":6},"end":{"line":778,"column":35}},"151":{"start":{"line":781,"column":27},"end":{"line":781,"column":29}},"152":{"start":{"line":783,"column":4},"end":{"line":794,"column":5}},"153":{"start":{"line":784,"column":33},"end":{"line":784,"column":48}},"154":{"start":{"line":785,"column":6},"end":{"line":785,"column":27}},"155":{"start":{"line":785,"column":18},"end":{"line":785,"column":27}},"156":{"start":{"line":788,"column":28},"end":{"line":788,"column":88}},"157":{"start":{"line":789,"column":6},"end":{"line":789,"column":51}},"158":{"start":{"line":789,"column":42},"end":{"line":789,"column":51}},"159":{"start":{"line":791,"column":6},"end":{"line":793,"column":9}},"160":{"start":{"line":796,"column":4},"end":{"line":796,"column":64}},"161":{"start":{"line":803,"column":4},"end":{"line":803,"column":30}},"162":{"start":{"line":803,"column":14},"end":{"line":803,"column":30}},"163":{"start":{"line":804,"column":4},"end":{"line":808,"column":5}},"164":{"start":{"line":805,"column":6},"end":{"line":805,"column":29}},"165":{"start":{"line":807,"column":6},"end":{"line":807,"column":22}},"166":{"start":{"line":815,"column":19},"end":{"line":815,"column":91}},"167":{"start":{"line":816,"column":17},"end":{"line":820,"column":17}},"168":{"start":{"line":818,"column":8},"end":{"line":818,"column":231}},"169":{"start":{"line":822,"column":4},"end":{"line":822,"column":38}},"170":{"start":{"line":829,"column":4},"end":{"line":831,"column":5}},"171":{"start":{"line":830,"column":6},"end":{"line":830,"column":46}},"172":{"start":{"line":832,"column":4},"end":{"line":832,"column":17}},"173":{"start":{"line":840,"column":4},"end":{"line":878,"column":7}},"174":{"start":{"line":841,"column":6},"end":{"line":877,"column":7}},"175":{"start":{"line":842,"column":33},"end":{"line":842,"column":35}},"176":{"start":{"line":843,"column":20},"end":{"line":843,"column":63}},"177":{"start":{"line":846,"column":8},"end":{"line":846,"column":62}},"178":{"start":{"line":846,"column":42},"end":{"line":846,"column":60}},"179":{"start":{"line":847,"column":8},"end":{"line":847,"column":60}},"180":{"start":{"line":847,"column":28},"end":{"line":847,"column":58}},"181":{"start":{"line":848,"column":8},"end":{"line":848,"column":32}},"182":{"start":{"line":851,"column":8},"end":{"line":851,"column":73}},"183":{"start":{"line":852,"column":8},"end":{"line":852,"column":23}},"184":{"start":{"line":853,"column":8},"end":{"line":853,"column":93}},"185":{"start":{"line":854,"column":8},"end":{"line":854,"column":23}},"186":{"start":{"line":855,"column":8},"end":{"line":855,"column":84}},"187":{"start":{"line":856,"column":8},"end":{"line":856,"column":24}},"188":{"start":{"line":859,"column":8},"end":{"line":872,"column":11}},"189":{"start":{"line":860,"column":10},"end":{"line":860,"column":41}},"190":{"start":{"line":860,"column":25},"end":{"line":860,"column":41}},"191":{"start":{"line":862,"column":10},"end":{"line":862,"column":139}},"192":{"start":{"line":863,"column":10},"end":{"line":863,"column":28}},"193":{"start":{"line":864,"column":10},"end":{"line":864,"column":49}},"194":{"start":{"line":865,"column":10},"end":{"line":865,"column":55}},"195":{"start":{"line":866,"column":10},"end":{"line":866,"column":79}},"196":{"start":{"line":867,"column":10},"end":{"line":867,"column":57}},"197":{"start":{"line":868,"column":10},"end":{"line":868,"column":113}},"198":{"start":{"line":869,"column":10},"end":{"line":869,"column":28}},"199":{"start":{"line":870,"column":10},"end":{"line":870,"column":64}},"200":{"start":{"line":871,"column":10},"end":{"line":871,"column":69}},"201":{"start":{"line":874,"column":8},"end":{"line":874,"column":18}},"202":{"start":{"line":876,"column":8},"end":{"line":876,"column":22}},"203":{"start":{"line":40,"column":0},"end":{"line":40,"column":13}}},"fnMap":{"0":{"name":"(anonymous_1)","decl":{"start":{"line":49,"column":2},"end":{"line":49,"column":14}},"loc":{"start":{"line":49,"column":66},"end":{"line":59,"column":3}}},"1":{"name":"(anonymous_2)","decl":{"start":{"line":85,"column":2},"end":{"line":85,"column":7}},"loc":{"start":{"line":90,"column":28},"end":{"line":194,"column":3}}},"2":{"name":"(anonymous_3)","decl":{"start":{"line":213,"column":2},"end":{"line":213,"column":7}},"loc":{"start":{"line":215,"column":36},"end":{"line":260,"column":3}}},"3":{"name":"(anonymous_4)","decl":{"start":{"line":254,"column":21},"end":{"line":254,"column":22}},"loc":{"start":{"line":254,"column":30},"end":{"line":254,"column":53}}},"4":{"name":"(anonymous_5)","decl":{"start":{"line":276,"column":2},"end":{"line":276,"column":7}},"loc":{"start":{"line":276,"column":42},"end":{"line":290,"column":3}}},"5":{"name":"(anonymous_6)","decl":{"start":{"line":311,"column":2},"end":{"line":311,"column":7}},"loc":{"start":{"line":313,"column":24},"end":{"line":336,"column":3}}},"6":{"name":"(anonymous_7)","decl":{"start":{"line":353,"column":2},"end":{"line":353,"column":7}},"loc":{"start":{"line":355,"column":40},"end":{"line":394,"column":3}}},"7":{"name":"(anonymous_8)","decl":{"start":{"line":386,"column":20},"end":{"line":386,"column":21}},"loc":{"start":{"line":386,"column":30},"end":{"line":393,"column":6}}},"8":{"name":"(anonymous_9)","decl":{"start":{"line":411,"column":2},"end":{"line":411,"column":7}},"loc":{"start":{"line":413,"column":20},"end":{"line":441,"column":3}}},"9":{"name":"(anonymous_10)","decl":{"start":{"line":440,"column":20},"end":{"line":440,"column":21}},"loc":{"start":{"line":440,"column":29},"end":{"line":440,"column":52}}},"10":{"name":"(anonymous_11)","decl":{"start":{"line":458,"column":2},"end":{"line":458,"column":7}},"loc":{"start":{"line":460,"column":30},"end":{"line":501,"column":3}}},"11":{"name":"(anonymous_12)","decl":{"start":{"line":500,"column":20},"end":{"line":500,"column":21}},"loc":{"start":{"line":500,"column":29},"end":{"line":500,"column":52}}},"12":{"name":"(anonymous_13)","decl":{"start":{"line":520,"column":2},"end":{"line":520,"column":7}},"loc":{"start":{"line":520,"column":46},"end":{"line":580,"column":3}}},"13":{"name":"(anonymous_14)","decl":{"start":{"line":600,"column":2},"end":{"line":600,"column":7}},"loc":{"start":{"line":600,"column":41},"end":{"line":631,"column":3}}},"14":{"name":"(anonymous_15)","decl":{"start":{"line":648,"column":2},"end":{"line":648,"column":7}},"loc":{"start":{"line":649,"column":25},"end":{"line":666,"column":3}}},"15":{"name":"(anonymous_16)","decl":{"start":{"line":665,"column":20},"end":{"line":665,"column":21}},"loc":{"start":{"line":665,"column":29},"end":{"line":665,"column":52}}},"16":{"name":"(anonymous_17)","decl":{"start":{"line":686,"column":2},"end":{"line":686,"column":7}},"loc":{"start":{"line":687,"column":35},"end":{"line":742,"column":3}}},"17":{"name":"(anonymous_18)","decl":{"start":{"line":708,"column":34},"end":{"line":708,"column":35}},"loc":{"start":{"line":708,"column":42},"end":{"line":730,"column":5}}},"18":{"name":"(anonymous_19)","decl":{"start":{"line":751,"column":10},"end":{"line":751,"column":23}},"loc":{"start":{"line":751,"column":32},"end":{"line":770,"column":3}}},"19":{"name":"(anonymous_20)","decl":{"start":{"line":776,"column":10},"end":{"line":776,"column":22}},"loc":{"start":{"line":776,"column":38},"end":{"line":797,"column":3}}},"20":{"name":"(anonymous_21)","decl":{"start":{"line":802,"column":10},"end":{"line":802,"column":23}},"loc":{"start":{"line":802,"column":62},"end":{"line":809,"column":3}}},"21":{"name":"(anonymous_22)","decl":{"start":{"line":814,"column":10},"end":{"line":814,"column":22}},"loc":{"start":{"line":814,"column":39},"end":{"line":823,"column":3}}},"22":{"name":"(anonymous_23)","decl":{"start":{"line":817,"column":11},"end":{"line":817,"column":12}},"loc":{"start":{"line":818,"column":8},"end":{"line":818,"column":231}}},"23":{"name":"(anonymous_24)","decl":{"start":{"line":828,"column":10},"end":{"line":828,"column":19}},"loc":{"start":{"line":828,"column":33},"end":{"line":833,"column":3}}},"24":{"name":"(anonymous_25)","decl":{"start":{"line":839,"column":10},"end":{"line":839,"column":15}},"loc":{"start":{"line":839,"column":45},"end":{"line":879,"column":3}}},"25":{"name":"(anonymous_26)","decl":{"start":{"line":840,"column":23},"end":{"line":840,"column":24}},"loc":{"start":{"line":840,"column":43},"end":{"line":878,"column":5}}},"26":{"name":"(anonymous_27)","decl":{"start":{"line":846,"column":23},"end":{"line":846,"column":24}},"loc":{"start":{"line":846,"column":42},"end":{"line":846,"column":60}}},"27":{"name":"(anonymous_28)","decl":{"start":{"line":847,"column":22},"end":{"line":847,"column":25}},"loc":{"start":{"line":847,"column":28},"end":{"line":847,"column":58}}},"28":{"name":"(anonymous_29)","decl":{"start":{"line":859,"column":21},"end":{"line":859,"column":22}},"loc":{"start":{"line":859,"column":36},"end":{"line":872,"column":9}}}},"branchMap":{"0":{"loc":{"start":{"line":49,"column":36},"end":{"line":49,"column":66}},"type":"default-arg","locations":[{"start":{"line":49,"column":64},"end":{"line":49,"column":66}}]},"1":{"loc":{"start":{"line":93,"column":4},"end":{"line":99,"column":5}},"type":"if","locations":[{"start":{"line":93,"column":4},"end":{"line":99,"column":5}}]},"2":{"loc":{"start":{"line":100,"column":4},"end":{"line":106,"column":5}},"type":"if","locations":[{"start":{"line":100,"column":4},"end":{"line":106,"column":5}}]},"3":{"loc":{"start":{"line":107,"column":4},"end":{"line":113,"column":5}},"type":"if","locations":[{"start":{"line":107,"column":4},"end":{"line":113,"column":5}}]},"4":{"loc":{"start":{"line":118,"column":21},"end":{"line":118,"column":66}},"type":"binary-expr","locations":[{"start":{"line":118,"column":21},"end":{"line":118,"column":53}},{"start":{"line":118,"column":57},"end":{"line":118,"column":66}}]},"5":{"loc":{"start":{"line":131,"column":21},"end":{"line":131,"column":53}},"type":"binary-expr","locations":[{"start":{"line":131,"column":21},"end":{"line":131,"column":40}},{"start":{"line":131,"column":44},"end":{"line":131,"column":53}}]},"6":{"loc":{"start":{"line":132,"column":21},"end":{"line":132,"column":53}},"type":"binary-expr","locations":[{"start":{"line":132,"column":21},"end":{"line":132,"column":40}},{"start":{"line":132,"column":44},"end":{"line":132,"column":53}}]},"7":{"loc":{"start":{"line":133,"column":25},"end":{"line":133,"column":61}},"type":"binary-expr","locations":[{"start":{"line":133,"column":25},"end":{"line":133,"column":48}},{"start":{"line":133,"column":52},"end":{"line":133,"column":61}}]},"8":{"loc":{"start":{"line":134,"column":20},"end":{"line":136,"column":18}},"type":"cond-expr","locations":[{"start":{"line":135,"column":14},"end":{"line":135,"column":51}},{"start":{"line":136,"column":14},"end":{"line":136,"column":18}}]},"9":{"loc":{"start":{"line":167,"column":23},"end":{"line":167,"column":55}},"type":"binary-expr","locations":[{"start":{"line":167,"column":23},"end":{"line":167,"column":42}},{"start":{"line":167,"column":46},"end":{"line":167,"column":55}}]},"10":{"loc":{"start":{"line":168,"column":23},"end":{"line":168,"column":55}},"type":"binary-expr","locations":[{"start":{"line":168,"column":23},"end":{"line":168,"column":42}},{"start":{"line":168,"column":46},"end":{"line":168,"column":55}}]},"11":{"loc":{"start":{"line":169,"column":27},"end":{"line":169,"column":63}},"type":"binary-expr","locations":[{"start":{"line":169,"column":27},"end":{"line":169,"column":50}},{"start":{"line":169,"column":54},"end":{"line":169,"column":63}}]},"12":{"loc":{"start":{"line":170,"column":22},"end":{"line":172,"column":20}},"type":"cond-expr","locations":[{"start":{"line":171,"column":16},"end":{"line":171,"column":53}},{"start":{"line":172,"column":16},"end":{"line":172,"column":20}}]},"13":{"loc":{"start":{"line":214,"column":4},"end":{"line":214,"column":30}},"type":"default-arg","locations":[{"start":{"line":214,"column":28},"end":{"line":214,"column":30}}]},"14":{"loc":{"start":{"line":215,"column":4},"end":{"line":215,"column":36}},"type":"default-arg","locations":[{"start":{"line":215,"column":34},"end":{"line":215,"column":36}}]},"15":{"loc":{"start":{"line":220,"column":29},"end":{"line":220,"column":49}},"type":"binary-expr","locations":[{"start":{"line":220,"column":29},"end":{"line":220,"column":44}},{"start":{"line":220,"column":48},"end":{"line":220,"column":49}}]},"16":{"loc":{"start":{"line":223,"column":18},"end":{"line":223,"column":63}},"type":"binary-expr","locations":[{"start":{"line":223,"column":18},"end":{"line":223,"column":37}},{"start":{"line":223,"column":41},"end":{"line":223,"column":63}}]},"17":{"loc":{"start":{"line":229,"column":4},"end":{"line":229,"column":38}},"type":"if","locations":[{"start":{"line":229,"column":4},"end":{"line":229,"column":38}}]},"18":{"loc":{"start":{"line":230,"column":4},"end":{"line":230,"column":50}},"type":"if","locations":[{"start":{"line":230,"column":4},"end":{"line":230,"column":50}}]},"19":{"loc":{"start":{"line":231,"column":4},"end":{"line":231,"column":38}},"type":"if","locations":[{"start":{"line":231,"column":4},"end":{"line":231,"column":38}}]},"20":{"loc":{"start":{"line":232,"column":4},"end":{"line":232,"column":44}},"type":"if","locations":[{"start":{"line":232,"column":4},"end":{"line":232,"column":44}}]},"21":{"loc":{"start":{"line":233,"column":4},"end":{"line":237,"column":5}},"type":"if","locations":[{"start":{"line":233,"column":4},"end":{"line":237,"column":5}}]},"22":{"loc":{"start":{"line":233,"column":8},"end":{"line":233,"column":28}},"type":"binary-expr","locations":[{"start":{"line":233,"column":8},"end":{"line":233,"column":17}},{"start":{"line":233,"column":21},"end":{"line":233,"column":28}}]},"23":{"loc":{"start":{"line":235,"column":6},"end":{"line":235,"column":53}},"type":"if","locations":[{"start":{"line":235,"column":6},"end":{"line":235,"column":53}}]},"24":{"loc":{"start":{"line":236,"column":6},"end":{"line":236,"column":49}},"type":"if","locations":[{"start":{"line":236,"column":6},"end":{"line":236,"column":49}}]},"25":{"loc":{"start":{"line":277,"column":4},"end":{"line":283,"column":5}},"type":"if","locations":[{"start":{"line":277,"column":4},"end":{"line":283,"column":5}}]},"26":{"loc":{"start":{"line":289,"column":11},"end":{"line":289,"column":47}},"type":"cond-expr","locations":[{"start":{"line":289,"column":17},"end":{"line":289,"column":40}},{"start":{"line":289,"column":43},"end":{"line":289,"column":47}}]},"27":{"loc":{"start":{"line":316,"column":4},"end":{"line":322,"column":5}},"type":"if","locations":[{"start":{"line":316,"column":4},"end":{"line":322,"column":5}}]},"28":{"loc":{"start":{"line":328,"column":4},"end":{"line":335,"column":5}},"type":"switch","locations":[{"start":{"line":329,"column":6},"end":{"line":330,"column":58}},{"start":{"line":331,"column":6},"end":{"line":332,"column":39}},{"start":{"line":333,"column":6},"end":{"line":334,"column":45}}]},"29":{"loc":{"start":{"line":355,"column":4},"end":{"line":355,"column":40}},"type":"default-arg","locations":[{"start":{"line":355,"column":38},"end":{"line":355,"column":40}}]},"30":{"loc":{"start":{"line":357,"column":4},"end":{"line":363,"column":5}},"type":"if","locations":[{"start":{"line":357,"column":4},"end":{"line":363,"column":5}}]},"31":{"loc":{"start":{"line":365,"column":12},"end":{"line":365,"column":43}},"type":"default-arg","locations":[{"start":{"line":365,"column":20},"end":{"line":365,"column":43}}]},"32":{"loc":{"start":{"line":365,"column":45},"end":{"line":365,"column":67}},"type":"default-arg","locations":[{"start":{"line":365,"column":63},"end":{"line":365,"column":67}}]},"33":{"loc":{"start":{"line":369,"column":4},"end":{"line":369,"column":53}},"type":"if","locations":[{"start":{"line":369,"column":4},"end":{"line":369,"column":53}}]},"34":{"loc":{"start":{"line":370,"column":4},"end":{"line":370,"column":72}},"type":"if","locations":[{"start":{"line":370,"column":4},"end":{"line":370,"column":72}}]},"35":{"loc":{"start":{"line":392,"column":17},"end":{"line":392,"column":43}},"type":"binary-expr","locations":[{"start":{"line":392,"column":17},"end":{"line":392,"column":30}},{"start":{"line":392,"column":34},"end":{"line":392,"column":43}}]},"36":{"loc":{"start":{"line":416,"column":4},"end":{"line":422,"column":5}},"type":"if","locations":[{"start":{"line":416,"column":4},"end":{"line":422,"column":5}}]},"37":{"loc":{"start":{"line":416,"column":8},"end":{"line":416,"column":87}},"type":"binary-expr","locations":[{"start":{"line":416,"column":8},"end":{"line":416,"column":19}},{"start":{"line":416,"column":23},"end":{"line":416,"column":53}},{"start":{"line":416,"column":57},"end":{"line":416,"column":87}}]},"38":{"loc":{"start":{"line":423,"column":4},"end":{"line":429,"column":5}},"type":"if","locations":[{"start":{"line":423,"column":4},"end":{"line":429,"column":5}}]},"39":{"loc":{"start":{"line":423,"column":8},"end":{"line":423,"column":81}},"type":"binary-expr","locations":[{"start":{"line":423,"column":8},"end":{"line":423,"column":17}},{"start":{"line":423,"column":21},"end":{"line":423,"column":49}},{"start":{"line":423,"column":53},"end":{"line":423,"column":81}}]},"40":{"loc":{"start":{"line":460,"column":4},"end":{"line":460,"column":30}},"type":"default-arg","locations":[{"start":{"line":460,"column":28},"end":{"line":460,"column":30}}]},"41":{"loc":{"start":{"line":462,"column":4},"end":{"line":468,"column":5}},"type":"if","locations":[{"start":{"line":462,"column":4},"end":{"line":468,"column":5}}]},"42":{"loc":{"start":{"line":462,"column":8},"end":{"line":462,"column":43}},"type":"binary-expr","locations":[{"start":{"line":462,"column":8},"end":{"line":462,"column":14}},{"start":{"line":462,"column":18},"end":{"line":462,"column":43}}]},"43":{"loc":{"start":{"line":477,"column":4},"end":{"line":477,"column":38}},"type":"if","locations":[{"start":{"line":477,"column":4},"end":{"line":477,"column":38}}]},"44":{"loc":{"start":{"line":478,"column":4},"end":{"line":478,"column":50}},"type":"if","locations":[{"start":{"line":478,"column":4},"end":{"line":478,"column":50}}]},"45":{"loc":{"start":{"line":479,"column":4},"end":{"line":479,"column":38}},"type":"if","locations":[{"start":{"line":479,"column":4},"end":{"line":479,"column":38}}]},"46":{"loc":{"start":{"line":480,"column":4},"end":{"line":480,"column":44}},"type":"if","locations":[{"start":{"line":480,"column":4},"end":{"line":480,"column":44}}]},"47":{"loc":{"start":{"line":481,"column":4},"end":{"line":485,"column":5}},"type":"if","locations":[{"start":{"line":481,"column":4},"end":{"line":485,"column":5}}]},"48":{"loc":{"start":{"line":481,"column":8},"end":{"line":481,"column":28}},"type":"binary-expr","locations":[{"start":{"line":481,"column":8},"end":{"line":481,"column":17}},{"start":{"line":481,"column":21},"end":{"line":481,"column":28}}]},"49":{"loc":{"start":{"line":483,"column":6},"end":{"line":483,"column":53}},"type":"if","locations":[{"start":{"line":483,"column":6},"end":{"line":483,"column":53}}]},"50":{"loc":{"start":{"line":484,"column":6},"end":{"line":484,"column":49}},"type":"if","locations":[{"start":{"line":484,"column":6},"end":{"line":484,"column":49}}]},"51":{"loc":{"start":{"line":521,"column":4},"end":{"line":527,"column":5}},"type":"if","locations":[{"start":{"line":521,"column":4},"end":{"line":527,"column":5}}]},"52":{"loc":{"start":{"line":534,"column":4},"end":{"line":537,"column":5}},"type":"if","locations":[{"start":{"line":534,"column":4},"end":{"line":537,"column":5}}]},"53":{"loc":{"start":{"line":540,"column":4},"end":{"line":543,"column":5}},"type":"if","locations":[{"start":{"line":540,"column":4},"end":{"line":543,"column":5}}]},"54":{"loc":{"start":{"line":602,"column":4},"end":{"line":608,"column":5}},"type":"if","locations":[{"start":{"line":602,"column":4},"end":{"line":608,"column":5}}]},"55":{"loc":{"start":{"line":611,"column":4},"end":{"line":617,"column":5}},"type":"if","locations":[{"start":{"line":611,"column":4},"end":{"line":617,"column":5}}]},"56":{"loc":{"start":{"line":651,"column":4},"end":{"line":657,"column":5}},"type":"if","locations":[{"start":{"line":651,"column":4},"end":{"line":657,"column":5}}]},"57":{"loc":{"start":{"line":651,"column":8},"end":{"line":651,"column":59}},"type":"binary-expr","locations":[{"start":{"line":651,"column":8},"end":{"line":651,"column":22}},{"start":{"line":651,"column":26},"end":{"line":651,"column":59}}]},"58":{"loc":{"start":{"line":690,"column":4},"end":{"line":696,"column":5}},"type":"if","locations":[{"start":{"line":690,"column":4},"end":{"line":696,"column":5}}]},"59":{"loc":{"start":{"line":690,"column":8},"end":{"line":690,"column":34}},"type":"binary-expr","locations":[{"start":{"line":690,"column":8},"end":{"line":690,"column":13}},{"start":{"line":690,"column":17},"end":{"line":690,"column":34}}]},"60":{"loc":{"start":{"line":699,"column":4},"end":{"line":705,"column":5}},"type":"if","locations":[{"start":{"line":699,"column":4},"end":{"line":705,"column":5}}]},"61":{"loc":{"start":{"line":712,"column":23},"end":{"line":712,"column":72}},"type":"binary-expr","locations":[{"start":{"line":712,"column":23},"end":{"line":712,"column":59}},{"start":{"line":712,"column":63},"end":{"line":712,"column":72}}]},"62":{"loc":{"start":{"line":722,"column":19},"end":{"line":722,"column":50}},"type":"binary-expr","locations":[{"start":{"line":722,"column":19},"end":{"line":722,"column":42}},{"start":{"line":722,"column":46},"end":{"line":722,"column":50}}]},"63":{"loc":{"start":{"line":723,"column":19},"end":{"line":723,"column":50}},"type":"binary-expr","locations":[{"start":{"line":723,"column":19},"end":{"line":723,"column":42}},{"start":{"line":723,"column":46},"end":{"line":723,"column":50}}]},"64":{"loc":{"start":{"line":724,"column":23},"end":{"line":724,"column":58}},"type":"binary-expr","locations":[{"start":{"line":724,"column":23},"end":{"line":724,"column":50}},{"start":{"line":724,"column":54},"end":{"line":724,"column":58}}]},"65":{"loc":{"start":{"line":725,"column":18},"end":{"line":727,"column":16}},"type":"cond-expr","locations":[{"start":{"line":726,"column":12},"end":{"line":726,"column":53}},{"start":{"line":727,"column":12},"end":{"line":727,"column":16}}]},"66":{"loc":{"start":{"line":754,"column":14},"end":{"line":754,"column":37}},"type":"binary-expr","locations":[{"start":{"line":754,"column":14},"end":{"line":754,"column":24}},{"start":{"line":754,"column":28},"end":{"line":754,"column":37}}]},"67":{"loc":{"start":{"line":759,"column":22},"end":{"line":759,"column":53}},"type":"binary-expr","locations":[{"start":{"line":759,"column":22},"end":{"line":759,"column":40}},{"start":{"line":759,"column":44},"end":{"line":759,"column":53}}]},"68":{"loc":{"start":{"line":761,"column":19},"end":{"line":761,"column":45}},"type":"binary-expr","locations":[{"start":{"line":761,"column":19},"end":{"line":761,"column":32}},{"start":{"line":761,"column":36},"end":{"line":761,"column":45}}]},"69":{"loc":{"start":{"line":762,"column":19},"end":{"line":762,"column":45}},"type":"binary-expr","locations":[{"start":{"line":762,"column":19},"end":{"line":762,"column":32}},{"start":{"line":762,"column":36},"end":{"line":762,"column":45}}]},"70":{"loc":{"start":{"line":763,"column":23},"end":{"line":763,"column":53}},"type":"binary-expr","locations":[{"start":{"line":763,"column":23},"end":{"line":763,"column":40}},{"start":{"line":763,"column":44},"end":{"line":763,"column":53}}]},"71":{"loc":{"start":{"line":764,"column":22},"end":{"line":764,"column":81}},"type":"cond-expr","locations":[{"start":{"line":764,"column":37},"end":{"line":764,"column":69}},{"start":{"line":764,"column":72},"end":{"line":764,"column":81}}]},"72":{"loc":{"start":{"line":768,"column":20},"end":{"line":768,"column":49}},"type":"binary-expr","locations":[{"start":{"line":768,"column":20},"end":{"line":768,"column":36}},{"start":{"line":768,"column":40},"end":{"line":768,"column":49}}]},"73":{"loc":{"start":{"line":777,"column":4},"end":{"line":779,"column":5}},"type":"if","locations":[{"start":{"line":777,"column":4},"end":{"line":779,"column":5}}]},"74":{"loc":{"start":{"line":777,"column":8},"end":{"line":777,"column":34}},"type":"binary-expr","locations":[{"start":{"line":777,"column":8},"end":{"line":777,"column":13}},{"start":{"line":777,"column":17},"end":{"line":777,"column":34}}]},"75":{"loc":{"start":{"line":785,"column":6},"end":{"line":785,"column":27}},"type":"if","locations":[{"start":{"line":785,"column":6},"end":{"line":785,"column":27}}]},"76":{"loc":{"start":{"line":789,"column":6},"end":{"line":789,"column":51}},"type":"if","locations":[{"start":{"line":789,"column":6},"end":{"line":789,"column":51}}]},"77":{"loc":{"start":{"line":792,"column":17},"end":{"line":792,"column":53}},"type":"cond-expr","locations":[{"start":{"line":792,"column":39},"end":{"line":792,"column":44}},{"start":{"line":792,"column":47},"end":{"line":792,"column":53}}]},"78":{"loc":{"start":{"line":796,"column":11},"end":{"line":796,"column":63}},"type":"cond-expr","locations":[{"start":{"line":796,"column":32},"end":{"line":796,"column":39}},{"start":{"line":796,"column":42},"end":{"line":796,"column":63}}]},"79":{"loc":{"start":{"line":802,"column":44},"end":{"line":802,"column":62}},"type":"default-arg","locations":[{"start":{"line":802,"column":60},"end":{"line":802,"column":62}}]},"80":{"loc":{"start":{"line":803,"column":4},"end":{"line":803,"column":30}},"type":"if","locations":[{"start":{"line":803,"column":4},"end":{"line":803,"column":30}}]},"81":{"loc":{"start":{"line":829,"column":4},"end":{"line":831,"column":5}},"type":"if","locations":[{"start":{"line":829,"column":4},"end":{"line":831,"column":5}}]},"82":{"loc":{"start":{"line":829,"column":8},"end":{"line":829,"column":74}},"type":"binary-expr","locations":[{"start":{"line":829,"column":8},"end":{"line":829,"column":27}},{"start":{"line":829,"column":31},"end":{"line":829,"column":50}},{"start":{"line":829,"column":54},"end":{"line":829,"column":74}}]},"83":{"loc":{"start":{"line":860,"column":10},"end":{"line":860,"column":41}},"type":"if","locations":[{"start":{"line":860,"column":10},"end":{"line":860,"column":41}}]},"84":{"loc":{"start":{"line":868,"column":52},"end":{"line":868,"column":109}},"type":"binary-expr","locations":[{"start":{"line":868,"column":52},"end":{"line":868,"column":70}},{"start":{"line":868,"column":74},"end":{"line":868,"column":109}}]}},"s":{"0":1,"1":1,"2":1,"3":29,"4":29,"5":29,"6":29,"7":29,"8":29,"9":5,"10":1,"11":4,"12":1,"13":3,"14":1,"15":2,"16":2,"17":2,"18":2,"19":2,"20":2,"21":1,"22":1,"23":1,"24":1,"25":1,"26":1,"27":1,"28":0,"29":0,"30":3,"31":3,"32":3,"33":3,"34":3,"35":3,"36":1,"37":3,"38":0,"39":3,"40":0,"41":3,"42":0,"43":3,"44":0,"45":0,"46":0,"47":0,"48":0,"49":3,"50":3,"51":3,"52":1,"53":3,"54":1,"55":2,"56":2,"57":2,"58":2,"59":1,"60":1,"61":1,"62":1,"63":0,"64":0,"65":2,"66":0,"67":2,"68":2,"69":2,"70":2,"71":0,"72":2,"73":0,"74":2,"75":2,"76":1,"77":3,"78":1,"79":2,"80":1,"81":1,"82":1,"83":0,"84":2,"85":1,"86":1,"87":1,"88":1,"89":1,"90":0,"91":1,"92":0,"93":1,"94":0,"95":1,"96":0,"97":1,"98":0,"99":0,"100":0,"101":0,"102":0,"103":1,"104":1,"105":1,"106":0,"107":3,"108":0,"109":3,"110":3,"111":1,"112":1,"113":2,"114":1,"115":1,"116":1,"117":1,"118":1,"119":1,"120":1,"121":0,"122":0,"123":2,"124":0,"125":2,"126":1,"127":1,"128":1,"129":1,"130":2,"131":1,"132":1,"133":1,"134":0,"135":2,"136":1,"137":1,"138":0,"139":1,"140":3,"141":3,"142":3,"143":3,"144":3,"145":1,"146":1,"147":1,"148":4,"149":3,"150":2,"151":1,"152":1,"153":1,"154":1,"155":0,"156":1,"157":1,"158":0,"159":1,"160":1,"161":5,"162":0,"163":5,"164":5,"165":0,"166":0,"167":0,"168":0,"169":0,"170":0,"171":0,"172":0,"173":0,"174":0,"175":0,"176":0,"177":0,"178":0,"179":0,"180":0,"181":0,"182":0,"183":0,"184":0,"185":0,"186":0,"187":0,"188":0,"189":0,"190":0,"191":0,"192":0,"193":0,"194":0,"195":0,"196":0,"197":0,"198":0,"199":0,"200":0,"201":0,"202":0,"203":1},"f":{"0":29,"1":5,"2":3,"3":1,"4":3,"5":2,"6":2,"7":1,"8":3,"9":0,"10":2,"11":0,"12":3,"13":2,"14":2,"15":0,"16":2,"17":3,"18":4,"19":3,"20":5,"21":0,"22":0,"23":0,"24":0,"25":0,"26":0,"27":0,"28":0},"b":{"0":[29],"1":[1],"2":[1],"3":[1],"4":[2,2],"5":[2,2],"6":[2,2],"7":[2,2],"8":[0,2],"9":[1,1],"10":[1,1],"11":[1,1],"12":[0,1],"13":[0],"14":[0],"15":[3,2],"16":[3,1],"17":[1],"18":[0],"19":[0],"20":[0],"21":[0],"22":[3,3],"23":[0],"24":[0],"25":[1],"26":[1,1],"27":[1],"28":[1,0,0],"29":[0],"30":[0],"31":[0],"32":[2],"33":[0],"34":[0],"35":[1,1],"36":[1],"37":[3,2,2],"38":[1],"39":[2,1,1],"40":[2],"41":[1],"42":[2,1],"43":[0],"44":[0],"45":[0],"46":[0],"47":[0],"48":[1,1],"49":[0],"50":[0],"51":[0],"52":[1],"53":[1],"54":[0],"55":[1],"56":[1],"57":[2,1],"58":[1],"59":[2,2],"60":[0],"61":[3,3],"62":[3,3],"63":[3,3],"64":[3,3],"65":[0,3],"66":[4,0],"67":[4,2],"68":[4,4],"69":[4,4],"70":[4,4],"71":[0,4],"72":[4,3],"73":[2],"74":[3,1],"75":[0],"76":[0],"77":[1,0],"78":[1,0],"79":[0],"80":[0],"81":[0],"82":[0,0,0],"83":[0],"84":[0,0]}}
,"/home/dmrcode/Desktop/aegis/packages/aegis-audit/src/utils/audit-helpers.ts": {"path":"/home/dmrcode/Desktop/aegis/packages/aegis-audit/src/utils/audit-helpers.ts","statementMap":{"0":{"start":{"line":30,"column":0},"end":{"line":30,"column":16}},"1":{"start":{"line":96,"column":0},"end":{"line":96,"column":16}},"2":{"start":{"line":162,"column":0},"end":{"line":162,"column":16}},"3":{"start":{"line":213,"column":0},"end":{"line":213,"column":16}},"4":{"start":{"line":250,"column":0},"end":{"line":250,"column":16}},"5":{"start":{"line":270,"column":0},"end":{"line":270,"column":16}},"6":{"start":{"line":5,"column":0},"end":{"line":5,"column":28}},"7":{"start":{"line":35,"column":58},"end":{"line":35,"column":60}},"8":{"start":{"line":38,"column":18},"end":{"line":41,"column":4}},"9":{"start":{"line":43,"column":2},"end":{"line":57,"column":3}},"10":{"start":{"line":45,"column":4},"end":{"line":45,"column":46}},"11":{"start":{"line":45,"column":37},"end":{"line":45,"column":46}},"12":{"start":{"line":47,"column":21},"end":{"line":47,"column":35}},"13":{"start":{"line":48,"column":21},"end":{"line":48,"column":35}},"14":{"start":{"line":51,"column":4},"end":{"line":51,"column":40}},"15":{"start":{"line":51,"column":31},"end":{"line":51,"column":40}},"16":{"start":{"line":54,"column":4},"end":{"line":56,"column":5}},"17":{"start":{"line":55,"column":6},"end":{"line":55,"column":54}},"18":{"start":{"line":59,"column":2},"end":{"line":59,"column":17}},"19":{"start":{"line":101,"column":27},"end":{"line":109,"column":4}},"20":{"start":{"line":111,"column":23},"end":{"line":111,"column":64}},"21":{"start":{"line":112,"column":38},"end":{"line":112,"column":40}},"22":{"start":{"line":114,"column":2},"end":{"line":132,"column":3}},"23":{"start":{"line":116,"column":4},"end":{"line":131,"column":5}},"24":{"start":{"line":116,"column":37},"end":{"line":116,"column":84}},"25":{"start":{"line":117,"column":6},"end":{"line":117,"column":33}},"26":{"start":{"line":120,"column":9},"end":{"line":131,"column":5}},"27":{"start":{"line":126,"column":6},"end":{"line":126,"column":62}},"28":{"start":{"line":130,"column":6},"end":{"line":130,"column":26}},"29":{"start":{"line":134,"column":2},"end":{"line":134,"column":16}},"30":{"start":{"line":166,"column":26},"end":{"line":166,"column":28}},"31":{"start":{"line":168,"column":2},"end":{"line":172,"column":3}},"32":{"start":{"line":169,"column":19},"end":{"line":169,"column":51}},"33":{"start":{"line":170,"column":19},"end":{"line":170,"column":51}},"34":{"start":{"line":171,"column":4},"end":{"line":171,"column":54}},"35":{"start":{"line":174,"column":2},"end":{"line":174,"column":26}},"36":{"start":{"line":182,"column":4},"end":{"line":182,"column":79}},"37":{"start":{"line":183,"column":2},"end":{"line":183,"column":76}},"38":{"start":{"line":215,"column":20},"end":{"line":215,"column":53}},"39":{"start":{"line":216,"column":2},"end":{"line":218,"column":3}},"40":{"start":{"line":217,"column":4},"end":{"line":217,"column":42}},"41":{"start":{"line":221,"column":15},"end":{"line":221,"column":49}},"42":{"start":{"line":222,"column":2},"end":{"line":222,"column":24}},"43":{"start":{"line":222,"column":12},"end":{"line":222,"column":24}},"44":{"start":{"line":225,"column":2},"end":{"line":230,"column":4}},"45":{"start":{"line":251,"column":2},"end":{"line":251,"column":51}},"46":{"start":{"line":271,"column":2},"end":{"line":271,"column":75}}},"fnMap":{"0":{"name":"diffChanges","decl":{"start":{"line":30,"column":16},"end":{"line":30,"column":27}},"loc":{"start":{"line":33,"column":30},"end":{"line":60,"column":1}}},"1":{"name":"maskSensitiveData","decl":{"start":{"line":96,"column":16},"end":{"line":96,"column":33}},"loc":{"start":{"line":98,"column":32},"end":{"line":135,"column":1}}},"2":{"name":"(anonymous_3)","decl":{"start":{"line":116,"column":26},"end":{"line":116,"column":27}},"loc":{"start":{"line":116,"column":37},"end":{"line":116,"column":84}}},"3":{"name":"generateChangesSummary","decl":{"start":{"line":162,"column":16},"end":{"line":162,"column":38}},"loc":{"start":{"line":164,"column":24},"end":{"line":175,"column":1}}},"4":{"name":"truncateValue","decl":{"start":{"line":180,"column":9},"end":{"line":180,"column":22}},"loc":{"start":{"line":180,"column":52},"end":{"line":184,"column":1}}},"5":{"name":"getClientIp","decl":{"start":{"line":213,"column":16},"end":{"line":213,"column":27}},"loc":{"start":{"line":213,"column":36},"end":{"line":231,"column":1}}},"6":{"name":"getUserAgent","decl":{"start":{"line":250,"column":16},"end":{"line":250,"column":28}},"loc":{"start":{"line":250,"column":37},"end":{"line":252,"column":1}}},"7":{"name":"generateAuditId","decl":{"start":{"line":270,"column":16},"end":{"line":270,"column":31}},"loc":{"start":{"line":270,"column":31},"end":{"line":272,"column":1}}}},"branchMap":{"0":{"loc":{"start":{"line":33,"column":2},"end":{"line":33,"column":30}},"type":"default-arg","locations":[{"start":{"line":33,"column":28},"end":{"line":33,"column":30}}]},"1":{"loc":{"start":{"line":39,"column":19},"end":{"line":39,"column":32}},"type":"binary-expr","locations":[{"start":{"line":39,"column":19},"end":{"line":39,"column":26}},{"start":{"line":39,"column":30},"end":{"line":39,"column":32}}]},"2":{"loc":{"start":{"line":40,"column":19},"end":{"line":40,"column":32}},"type":"binary-expr","locations":[{"start":{"line":40,"column":19},"end":{"line":40,"column":26}},{"start":{"line":40,"column":30},"end":{"line":40,"column":32}}]},"3":{"loc":{"start":{"line":45,"column":4},"end":{"line":45,"column":46}},"type":"if","locations":[{"start":{"line":45,"column":4},"end":{"line":45,"column":46}}]},"4":{"loc":{"start":{"line":51,"column":4},"end":{"line":51,"column":40}},"type":"if","locations":[{"start":{"line":51,"column":4},"end":{"line":51,"column":40}}]},"5":{"loc":{"start":{"line":54,"column":4},"end":{"line":56,"column":5}},"type":"if","locations":[{"start":{"line":54,"column":4},"end":{"line":56,"column":5}}]},"6":{"loc":{"start":{"line":98,"column":2},"end":{"line":98,"column":32}},"type":"default-arg","locations":[{"start":{"line":98,"column":30},"end":{"line":98,"column":32}}]},"7":{"loc":{"start":{"line":116,"column":4},"end":{"line":131,"column":5}},"type":"if","locations":[{"start":{"line":116,"column":4},"end":{"line":131,"column":5}},{"start":{"line":120,"column":9},"end":{"line":131,"column":5}}]},"8":{"loc":{"start":{"line":120,"column":9},"end":{"line":131,"column":5}},"type":"if","locations":[{"start":{"line":120,"column":9},"end":{"line":131,"column":5}},{"start":{"line":129,"column":9},"end":{"line":131,"column":5}}]},"9":{"loc":{"start":{"line":121,"column":6},"end":{"line":124,"column":30}},"type":"binary-expr","locations":[{"start":{"line":121,"column":6},"end":{"line":121,"column":11}},{"start":{"line":122,"column":6},"end":{"line":122,"column":31}},{"start":{"line":123,"column":6},"end":{"line":123,"column":27}},{"start":{"line":124,"column":6},"end":{"line":124,"column":30}}]},"10":{"loc":{"start":{"line":164,"column":2},"end":{"line":164,"column":24}},"type":"default-arg","locations":[{"start":{"line":164,"column":22},"end":{"line":164,"column":24}}]},"11":{"loc":{"start":{"line":182,"column":4},"end":{"line":182,"column":79}},"type":"cond-expr","locations":[{"start":{"line":182,"column":32},"end":{"line":182,"column":53}},{"start":{"line":182,"column":56},"end":{"line":182,"column":79}}]},"12":{"loc":{"start":{"line":182,"column":63},"end":{"line":182,"column":78}},"type":"binary-expr","locations":[{"start":{"line":182,"column":63},"end":{"line":182,"column":68}},{"start":{"line":182,"column":72},"end":{"line":182,"column":78}}]},"13":{"loc":{"start":{"line":183,"column":9},"end":{"line":183,"column":75}},"type":"cond-expr","locations":[{"start":{"line":183,"column":34},"end":{"line":183,"column":69}},{"start":{"line":183,"column":72},"end":{"line":183,"column":75}}]},"14":{"loc":{"start":{"line":216,"column":2},"end":{"line":218,"column":3}},"type":"if","locations":[{"start":{"line":216,"column":2},"end":{"line":218,"column":3}}]},"15":{"loc":{"start":{"line":222,"column":2},"end":{"line":222,"column":24}},"type":"if","locations":[{"start":{"line":222,"column":2},"end":{"line":222,"column":24}}]},"16":{"loc":{"start":{"line":226,"column":4},"end":{"line":229,"column":13}},"type":"binary-expr","locations":[{"start":{"line":226,"column":4},"end":{"line":226,"column":11}},{"start":{"line":227,"column":4},"end":{"line":227,"column":30}},{"start":{"line":228,"column":4},"end":{"line":228,"column":34}},{"start":{"line":229,"column":4},"end":{"line":229,"column":13}}]},"17":{"loc":{"start":{"line":251,"column":9},"end":{"line":251,"column":50}},"type":"binary-expr","locations":[{"start":{"line":251,"column":9},"end":{"line":251,"column":37}},{"start":{"line":251,"column":41},"end":{"line":251,"column":50}}]}},"s":{"0":1,"1":1,"2":1,"3":1,"4":1,"5":1,"6":1,"7":0,"8":0,"9":0,"10":0,"11":0,"12":0,"13":0,"14":0,"15":0,"16":0,"17":0,"18":0,"19":6,"20":6,"21":6,"22":6,"23":3,"24":36,"25":0,"26":3,"27":1,"28":2,"29":6,"30":5,"31":5,"32":1,"33":1,"34":1,"35":5,"36":2,"37":2,"38":0,"39":0,"40":0,"41":0,"42":0,"43":0,"44":0,"45":0,"46":7},"f":{"0":0,"1":6,"2":36,"3":5,"4":2,"5":0,"6":0,"7":7},"b":{"0":[0],"1":[0,0],"2":[0,0],"3":[0],"4":[0],"5":[0],"6":[0],"7":[0,3],"8":[1,2],"9":[3,2,1,1],"10":[5],"11":[1,1],"12":[1,0],"13":[0,2],"14":[0],"15":[0],"16":[0,0,0,0],"17":[0,0]}}
}
