TN:
SF:src/services/audit-trail.service.ts
FN:49,(anonymous_1)
FN:85,(anonymous_2)
FN:213,(anonymous_3)
FN:254,(anonymous_4)
FN:276,(anonymous_5)
FN:311,(anonymous_6)
FN:353,(anonymous_7)
FN:386,(anonymous_8)
FN:411,(anonymous_9)
FN:440,(anonymous_10)
FN:458,(anonymous_11)
FN:500,(anonymous_12)
FN:520,(anonymous_13)
FN:600,(anonymous_14)
FN:648,(anonymous_15)
FN:665,(anonymous_16)
FN:686,(anonymous_17)
FN:708,(anonymous_18)
FN:751,(anonymous_19)
FN:776,(anonymous_20)
FN:802,(anonymous_21)
FN:814,(anonymous_22)
FN:817,(anonymous_23)
FN:828,(anonymous_24)
FN:839,(anonymous_25)
FN:840,(anonymous_26)
FN:846,(anonymous_27)
FN:847,(anonymous_28)
FN:859,(anonymous_29)
FNF:29
FNH:26
FNDA:57,(anonymous_1)
FNDA:15,(anonymous_2)
FNDA:14,(anonymous_3)
FNDA:7,(anonymous_4)
FNDA:3,(anonymous_5)
FNDA:9,(anonymous_6)
FNDA:4,(anonymous_7)
FNDA:1,(anonymous_8)
FNDA:3,(anonymous_9)
FNDA:0,(anonymous_10)
FNDA:4,(anonymous_11)
FNDA:0,(anonymous_12)
FNDA:3,(anonymous_13)
FNDA:2,(anonymous_14)
FNDA:2,(anonymous_15)
FNDA:0,(anonymous_16)
FNDA:4,(anonymous_17)
FNDA:5,(anonymous_18)
FNDA:17,(anonymous_19)
FNDA:14,(anonymous_20)
FNDA:19,(anonymous_21)
FNDA:4,(anonymous_22)
FNDA:3,(anonymous_23)
FNDA:12,(anonymous_24)
FNDA:3,(anonymous_25)
FNDA:3,(anonymous_26)
FNDA:183,(anonymous_27)
FNDA:3,(anonymous_28)
FNDA:3,(anonymous_29)
DA:6,2
DA:7,2
DA:20,2
DA:40,2
DA:41,57
DA:42,57
DA:43,57
DA:44,57
DA:50,57
DA:51,57
DA:93,15
DA:94,1
DA:100,14
DA:101,1
DA:107,13
DA:108,1
DA:115,12
DA:116,12
DA:117,12
DA:118,12
DA:120,12
DA:122,12
DA:141,8
DA:148,8
DA:151,4
DA:157,4
DA:158,4
DA:178,1
DA:179,1
DA:182,3
DA:187,3
DA:217,14
DA:220,14
DA:221,14
DA:225,14
DA:228,14
DA:229,14
DA:230,14
DA:231,14
DA:232,14
DA:233,14
DA:234,1
DA:235,1
DA:236,1
DA:240,14
DA:243,14
DA:253,14
DA:254,7
DA:277,3
DA:278,1
DA:285,2
DA:289,2
DA:315,9
DA:316,9
DA:317,1
DA:324,8
DA:328,8
DA:330,1
DA:332,4
DA:334,3
DA:357,4
DA:358,0
DA:365,4
DA:366,4
DA:368,4
DA:369,4
DA:370,4
DA:372,4
DA:386,4
DA:416,3
DA:417,1
DA:423,2
DA:424,1
DA:431,1
DA:440,1
DA:462,4
DA:463,1
DA:470,3
DA:471,3
DA:474,3
DA:477,3
DA:478,3
DA:479,3
DA:480,3
DA:481,3
DA:482,0
DA:483,0
DA:484,0
DA:488,3
DA:494,3
DA:500,3
DA:521,3
DA:522,0
DA:530,3
DA:534,3
DA:535,1
DA:536,1
DA:540,2
DA:541,1
DA:542,1
DA:545,1
DA:547,1
DA:565,1
DA:569,1
DA:575,1
DA:577,0
DA:578,0
DA:602,2
DA:603,0
DA:611,2
DA:612,1
DA:619,1
DA:625,1
DA:630,1
DA:651,2
DA:652,1
DA:659,1
DA:665,1
DA:690,4
DA:691,1
DA:699,3
DA:700,1
DA:708,2
DA:709,5
DA:710,5
DA:711,5
DA:712,5
DA:714,5
DA:732,2
DA:736,2
DA:741,2
DA:752,17
DA:777,14
DA:778,13
DA:781,1
DA:783,1
DA:784,1
DA:785,1
DA:788,1
DA:789,1
DA:791,1
DA:796,1
DA:803,19
DA:804,15
DA:805,15
DA:807,0
DA:815,4
DA:816,4
DA:818,3
DA:822,4
DA:829,12
DA:830,4
DA:832,8
DA:840,3
DA:841,3
DA:842,3
DA:843,3
DA:846,183
DA:847,3
DA:848,3
DA:851,3
DA:852,3
DA:853,3
DA:854,3
DA:855,3
DA:856,3
DA:859,3
DA:860,3
DA:862,3
DA:863,3
DA:864,3
DA:865,3
DA:866,3
DA:867,3
DA:868,3
DA:869,3
DA:870,3
DA:871,3
DA:874,3
DA:876,0
LF:180
LH:170
BRDA:49,0,0,57
BRDA:93,1,0,1
BRDA:100,2,0,1
BRDA:107,3,0,1
BRDA:118,4,0,12
BRDA:118,4,1,9
BRDA:131,5,0,12
BRDA:131,5,1,11
BRDA:132,6,0,12
BRDA:132,6,1,11
BRDA:133,7,0,12
BRDA:133,7,1,3
BRDA:134,8,0,3
BRDA:134,8,1,9
BRDA:167,9,0,4
BRDA:167,9,1,4
BRDA:168,10,0,4
BRDA:168,10,1,4
BRDA:169,11,0,4
BRDA:169,11,1,1
BRDA:170,12,0,2
BRDA:170,12,1,2
BRDA:214,13,0,0
BRDA:215,14,0,4
BRDA:220,15,0,14
BRDA:220,15,1,13
BRDA:223,16,0,14
BRDA:223,16,1,5
BRDA:229,17,0,1
BRDA:230,18,0,1
BRDA:231,19,0,1
BRDA:232,20,0,1
BRDA:233,21,0,1
BRDA:233,22,0,14
BRDA:233,22,1,13
BRDA:235,23,0,1
BRDA:236,24,0,1
BRDA:277,25,0,1
BRDA:289,26,0,1
BRDA:289,26,1,1
BRDA:316,27,0,1
BRDA:328,28,0,1
BRDA:328,28,1,4
BRDA:328,28,2,3
BRDA:355,29,0,0
BRDA:357,30,0,0
BRDA:365,31,0,2
BRDA:365,32,0,3
BRDA:369,33,0,1
BRDA:370,34,0,1
BRDA:392,35,0,1
BRDA:392,35,1,1
BRDA:416,36,0,1
BRDA:416,37,0,3
BRDA:416,37,1,2
BRDA:416,37,2,2
BRDA:423,38,0,1
BRDA:423,39,0,2
BRDA:423,39,1,1
BRDA:423,39,2,1
BRDA:460,40,0,3
BRDA:462,41,0,1
BRDA:462,42,0,4
BRDA:462,42,1,3
BRDA:477,43,0,0
BRDA:478,44,0,1
BRDA:479,45,0,1
BRDA:480,46,0,0
BRDA:481,47,0,0
BRDA:481,48,0,3
BRDA:481,48,1,3
BRDA:483,49,0,0
BRDA:484,50,0,0
BRDA:521,51,0,0
BRDA:534,52,0,1
BRDA:540,53,0,1
BRDA:602,54,0,0
BRDA:611,55,0,1
BRDA:651,56,0,1
BRDA:651,57,0,2
BRDA:651,57,1,1
BRDA:690,58,0,1
BRDA:690,59,0,4
BRDA:690,59,1,4
BRDA:699,60,0,1
BRDA:712,61,0,5
BRDA:712,61,1,5
BRDA:722,62,0,5
BRDA:722,62,1,4
BRDA:723,63,0,5
BRDA:723,63,1,5
BRDA:724,64,0,5
BRDA:724,64,1,4
BRDA:725,65,0,0
BRDA:725,65,1,5
BRDA:754,66,0,17
BRDA:754,66,1,4
BRDA:759,67,0,17
BRDA:759,67,1,8
BRDA:761,68,0,17
BRDA:761,68,1,16
BRDA:762,69,0,17
BRDA:762,69,1,16
BRDA:763,70,0,17
BRDA:763,70,1,15
BRDA:764,71,0,1
BRDA:764,71,1,16
BRDA:768,72,0,17
BRDA:768,72,1,16
BRDA:777,73,0,13
BRDA:777,74,0,14
BRDA:777,74,1,1
BRDA:785,75,0,0
BRDA:789,76,0,0
BRDA:792,77,0,1
BRDA:792,77,1,0
BRDA:796,78,0,1
BRDA:796,78,1,0
BRDA:802,79,0,1
BRDA:803,80,0,4
BRDA:829,81,0,4
BRDA:829,82,0,12
BRDA:829,82,1,10
BRDA:829,82,2,8
BRDA:860,83,0,1
BRDA:868,84,0,3
BRDA:868,84,1,2
BRF:127
BRH:112
end_of_record
TN:
SF:src/services/gdpr-deletion.service.ts
FN:28,(anonymous_0)
FN:50,(anonymous_1)
FN:71,(anonymous_2)
FN:124,(anonymous_3)
FN:169,(anonymous_4)
FN:194,(anonymous_5)
FN:227,(anonymous_6)
FN:254,(anonymous_7)
FN:290,(anonymous_8)
FN:313,(anonymous_9)
FN:315,(anonymous_10)
FN:340,(anonymous_11)
FN:396,(anonymous_12)
FN:440,(anonymous_13)
FN:457,(anonymous_14)
FNF:15
FNH:13
FNDA:36,(anonymous_0)
FNDA:10,(anonymous_1)
FNDA:7,(anonymous_2)
FNDA:1,(anonymous_3)
FNDA:4,(anonymous_4)
FNDA:1,(anonymous_5)
FNDA:6,(anonymous_6)
FNDA:0,(anonymous_7)
FNDA:5,(anonymous_8)
FNDA:20,(anonymous_9)
FNDA:15,(anonymous_10)
FNDA:5,(anonymous_11)
FNDA:7,(anonymous_12)
FNDA:0,(anonymous_13)
FNDA:3,(anonymous_14)
DA:6,2
DA:22,2
DA:25,36
DA:26,36
DA:29,36
DA:30,36
DA:52,10
DA:53,1
DA:59,9
DA:60,1
DA:67,8
DA:68,8
DA:70,8
DA:71,8
DA:73,7
DA:74,7
DA:75,4
DA:76,4
DA:80,7
DA:81,7
DA:82,4
DA:83,4
DA:87,7
DA:88,7
DA:89,3
DA:90,3
DA:94,7
DA:95,7
DA:96,4
DA:97,4
DA:101,7
DA:102,7
DA:103,4
DA:112,4
DA:116,7
DA:117,6
DA:118,6
DA:122,6
DA:126,6
DA:132,6
DA:140,2
DA:141,2
DA:143,2
DA:170,4
DA:171,1
DA:178,3
DA:184,3
DA:185,1
DA:192,2
DA:194,1
DA:206,2
DA:208,2
DA:228,6
DA:229,1
DA:236,5
DA:238,5
DA:239,5
DA:241,5
DA:242,10
DA:243,5
DA:244,2
DA:247,5
DA:252,3
DA:256,3
DA:258,3
DA:265,2
DA:266,2
DA:291,5
DA:292,1
DA:299,4
DA:307,4
DA:313,20
DA:315,15
DA:317,4
DA:341,5
DA:342,1
DA:350,4
DA:358,4
DA:359,4
DA:360,4
DA:361,4
DA:362,4
DA:363,4
DA:365,4
DA:367,4
DA:397,7
DA:398,1
DA:404,6
DA:405,1
DA:411,5
DA:412,1
DA:418,4
DA:419,1
DA:426,3
DA:434,3
DA:435,3
DA:437,3
DA:438,3
DA:440,3
DA:441,0
DA:442,0
DA:443,0
DA:444,0
DA:445,0
DA:448,3
DA:451,3
DA:458,3
DA:459,3
DA:461,2
DA:462,2
DA:463,2
DA:464,2
DA:467,2
DA:468,2
DA:469,2
DA:470,2
DA:471,2
DA:473,1
LF:118
LH:113
BRDA:52,0,0,1
BRDA:59,1,0,1
BRDA:74,2,0,4
BRDA:81,3,0,4
BRDA:88,4,0,3
BRDA:95,5,0,4
BRDA:102,6,0,4
BRDA:140,7,0,2
BRDA:140,7,1,0
BRDA:169,8,0,0
BRDA:170,9,0,1
BRDA:184,10,0,1
BRDA:227,11,0,1
BRDA:228,12,0,1
BRDA:238,13,0,4
BRDA:238,13,1,1
BRDA:242,14,0,5
BRDA:242,14,1,5
BRDA:243,15,0,3
BRDA:243,15,1,2
BRDA:291,16,0,1
BRDA:341,17,0,1
BRDA:359,18,0,2
BRDA:360,19,0,1
BRDA:361,20,0,0
BRDA:362,21,0,0
BRDA:363,22,0,0
BRDA:372,23,0,2
BRDA:372,23,1,2
BRDA:397,24,0,1
BRDA:404,25,0,1
BRDA:411,26,0,1
BRDA:418,27,0,1
BRDA:438,28,0,3
BRDA:459,29,0,2
BRDA:459,30,0,3
BRDA:459,30,1,2
BRDA:462,31,0,2
BRF:38
BRH:33
end_of_record
TN:
SF:src/services/soft-delete.service.ts
FN:30,(anonymous_0)
FN:53,(anonymous_1)
FN:92,(anonymous_2)
FN:125,(anonymous_3)
FN:164,(anonymous_4)
FN:199,(anonymous_5)
FN:222,(anonymous_6)
FN:259,(anonymous_7)
FN:294,(anonymous_8)
FN:320,(anonymous_9)
FN:358,(anonymous_10)
FN:387,(anonymous_11)
FN:414,(anonymous_12)
FN:454,(anonymous_13)
FN:474,(anonymous_14)
FNF:15
FNH:14
FNDA:34,(anonymous_0)
FNDA:6,(anonymous_1)
FNDA:2,(anonymous_2)
FNDA:1,(anonymous_3)
FNDA:5,(anonymous_4)
FNDA:1,(anonymous_5)
FNDA:0,(anonymous_6)
FNDA:6,(anonymous_7)
FNDA:2,(anonymous_8)
FNDA:1,(anonymous_9)
FNDA:4,(anonymous_10)
FNDA:1,(anonymous_11)
FNDA:5,(anonymous_12)
FNDA:22,(anonymous_13)
FNDA:1,(anonymous_14)
DA:8,2
DA:23,2
DA:24,34
DA:25,34
DA:31,34
DA:32,34
DA:60,6
DA:62,4
DA:64,4
DA:68,4
DA:69,1
DA:80,3
DA:81,1
DA:92,2
DA:94,2
DA:100,2
DA:112,2
DA:127,2
DA:129,2
DA:138,0
DA:140,0
DA:166,5
DA:168,3
DA:170,3
DA:179,3
DA:180,1
DA:189,2
DA:190,1
DA:199,1
DA:201,1
DA:207,1
DA:213,1
DA:224,1
DA:226,1
DA:233,0
DA:235,0
DA:261,6
DA:263,4
DA:265,4
DA:274,4
DA:275,1
DA:284,3
DA:285,1
DA:294,2
DA:296,2
DA:301,2
DA:311,2
DA:322,2
DA:324,2
DA:331,0
DA:333,0
DA:366,4
DA:368,4
DA:369,4
DA:371,4
DA:372,4
DA:375,4
DA:376,3
DA:380,4
DA:387,4
DA:419,5
DA:421,3
DA:430,3
DA:431,1
DA:439,2
DA:455,22
DA:456,4
DA:462,18
DA:463,4
DA:475,1
DA:476,1
DA:477,1
DA:479,0
LF:73
LH:66
BRDA:68,0,0,1
BRDA:80,1,0,1
BRDA:86,2,0,1
BRDA:86,2,1,1
BRDA:87,3,0,1
BRDA:87,3,1,1
BRDA:105,4,0,2
BRDA:105,4,1,0
BRDA:106,5,0,2
BRDA:106,5,1,0
BRDA:113,6,0,2
BRDA:113,6,1,0
BRDA:179,7,0,1
BRDA:189,8,0,1
BRDA:274,9,0,1
BRDA:284,10,0,1
BRDA:359,11,0,0
BRDA:363,12,0,3
BRDA:364,13,0,3
BRDA:365,14,0,3
BRDA:372,15,0,2
BRDA:375,16,0,3
BRDA:430,17,0,1
BRDA:455,18,0,4
BRDA:455,19,0,22
BRDA:455,19,1,18
BRDA:455,19,2,18
BRDA:462,20,0,4
BRDA:462,21,0,18
BRDA:462,21,1,14
BRDA:462,21,2,14
BRDA:474,22,0,1
BRDA:475,23,0,0
BRF:33
BRH:28
end_of_record
TN:
SF:src/utils/audit-helpers.ts
FN:30,diffChanges
FN:96,maskSensitiveData
FN:116,(anonymous_3)
FN:162,generateChangesSummary
FN:180,truncateValue
FN:213,getClientIp
FN:250,getUserAgent
FN:270,generateAuditId
FNF:8
FNH:8
FNDA:7,diffChanges
FNDA:28,maskSensitiveData
FNDA:310,(anonymous_3)
FNDA:27,generateChangesSummary
FNDA:42,truncateValue
FNDA:6,getClientIp
FNDA:3,getUserAgent
FNDA:26,generateAuditId
DA:5,2
DA:30,2
DA:35,7
DA:38,7
DA:43,7
DA:45,13
DA:47,12
DA:48,12
DA:51,12
DA:54,8
DA:55,8
DA:59,7
DA:96,2
DA:101,28
DA:111,28
DA:112,28
DA:114,28
DA:116,310
DA:117,7
DA:120,27
DA:126,5
DA:130,22
DA:134,28
DA:162,2
DA:166,27
DA:168,27
DA:169,21
DA:170,21
DA:171,21
DA:174,27
DA:182,42
DA:183,42
DA:213,2
DA:215,6
DA:216,6
DA:217,1
DA:221,5
DA:222,5
DA:225,4
DA:250,2
DA:251,3
DA:270,2
DA:271,26
LF:43
LH:43
BRDA:33,0,0,6
BRDA:39,1,0,7
BRDA:39,1,1,0
BRDA:40,2,0,7
BRDA:40,2,1,0
BRDA:45,3,0,1
BRDA:51,4,0,4
BRDA:54,5,0,8
BRDA:98,6,0,5
BRDA:116,7,0,7
BRDA:116,7,1,27
BRDA:120,8,0,5
BRDA:120,8,1,22
BRDA:121,9,0,27
BRDA:121,9,1,25
BRDA:121,9,2,8
BRDA:121,9,3,6
BRDA:164,10,0,26
BRDA:182,11,0,4
BRDA:182,11,1,38
BRDA:182,12,0,38
BRDA:182,12,1,16
BRDA:183,13,0,1
BRDA:183,13,1,41
BRDA:216,14,0,1
BRDA:222,15,0,1
BRDA:226,16,0,4
BRDA:226,16,1,3
BRDA:226,16,2,2
BRDA:226,16,3,2
BRDA:251,17,0,3
BRDA:251,17,1,2
BRF:32
BRH:30
end_of_record
