TN:
SF:src/services/audit-trail.service.ts
FN:49,(anonymous_1)
FN:85,(anonymous_2)
FN:213,(anonymous_3)
FN:254,(anonymous_4)
FN:276,(anonymous_5)
FN:311,(anonymous_6)
FN:353,(anonymous_7)
FN:386,(anonymous_8)
FN:411,(anonymous_9)
FN:440,(anonymous_10)
FN:458,(anonymous_11)
FN:500,(anonymous_12)
FN:520,(anonymous_13)
FN:600,(anonymous_14)
FN:648,(anonymous_15)
FN:665,(anonymous_16)
FN:686,(anonymous_17)
FN:708,(anonymous_18)
FN:751,(anonymous_19)
FN:776,(anonymous_20)
FN:802,(anonymous_21)
FN:814,(anonymous_22)
FN:817,(anonymous_23)
FN:828,(anonymous_24)
FN:839,(anonymous_25)
FN:840,(anonymous_26)
FN:846,(anonymous_27)
FN:847,(anonymous_28)
FN:859,(anonymous_29)
FNF:29
FNH:18
FNDA:29,(anonymous_1)
FNDA:5,(anonymous_2)
FNDA:3,(anonymous_3)
FNDA:1,(anonymous_4)
FNDA:3,(anonymous_5)
FNDA:2,(anonymous_6)
FNDA:2,(anonymous_7)
FNDA:1,(anonymous_8)
FNDA:3,(anonymous_9)
FNDA:0,(anonymous_10)
FNDA:2,(anonymous_11)
FNDA:0,(anonymous_12)
FNDA:3,(anonymous_13)
FNDA:2,(anonymous_14)
FNDA:2,(anonymous_15)
FNDA:0,(anonymous_16)
FNDA:2,(anonymous_17)
FNDA:3,(anonymous_18)
FNDA:4,(anonymous_19)
FNDA:3,(anonymous_20)
FNDA:5,(anonymous_21)
FNDA:0,(anonymous_22)
FNDA:0,(anonymous_23)
FNDA:0,(anonymous_24)
FNDA:0,(anonymous_25)
FNDA:0,(anonymous_26)
FNDA:0,(anonymous_27)
FNDA:0,(anonymous_28)
FNDA:0,(anonymous_29)
DA:6,1
DA:7,1
DA:20,1
DA:40,1
DA:41,29
DA:42,29
DA:43,29
DA:44,29
DA:50,29
DA:51,29
DA:93,5
DA:94,1
DA:100,4
DA:101,1
DA:107,3
DA:108,1
DA:115,2
DA:116,2
DA:117,2
DA:118,2
DA:120,2
DA:122,2
DA:141,1
DA:148,1
DA:151,1
DA:157,1
DA:158,1
DA:178,1
DA:179,1
DA:182,0
DA:187,0
DA:217,3
DA:220,3
DA:221,3
DA:225,3
DA:228,3
DA:229,3
DA:230,3
DA:231,3
DA:232,3
DA:233,3
DA:234,0
DA:235,0
DA:236,0
DA:240,3
DA:243,3
DA:253,3
DA:254,1
DA:277,3
DA:278,1
DA:285,2
DA:289,2
DA:315,2
DA:316,2
DA:317,1
DA:324,1
DA:328,1
DA:330,1
DA:332,0
DA:334,0
DA:357,2
DA:358,0
DA:365,2
DA:366,2
DA:368,2
DA:369,2
DA:370,2
DA:372,2
DA:386,2
DA:416,3
DA:417,1
DA:423,2
DA:424,1
DA:431,1
DA:440,1
DA:462,2
DA:463,1
DA:470,1
DA:471,1
DA:474,1
DA:477,1
DA:478,1
DA:479,1
DA:480,1
DA:481,1
DA:482,0
DA:483,0
DA:484,0
DA:488,1
DA:494,1
DA:500,1
DA:521,3
DA:522,0
DA:530,3
DA:534,3
DA:535,1
DA:536,1
DA:540,2
DA:541,1
DA:542,1
DA:545,1
DA:547,1
DA:565,1
DA:569,1
DA:575,1
DA:577,0
DA:578,0
DA:602,2
DA:603,0
DA:611,2
DA:612,1
DA:619,1
DA:625,1
DA:630,1
DA:651,2
DA:652,1
DA:659,1
DA:665,1
DA:690,2
DA:691,1
DA:699,1
DA:700,0
DA:708,1
DA:709,3
DA:710,3
DA:711,3
DA:712,3
DA:714,3
DA:732,1
DA:736,1
DA:741,1
DA:752,4
DA:777,3
DA:778,2
DA:781,1
DA:783,1
DA:784,1
DA:785,1
DA:788,1
DA:789,1
DA:791,1
DA:796,1
DA:803,5
DA:804,5
DA:805,5
DA:807,0
DA:815,0
DA:816,0
DA:818,0
DA:822,0
DA:829,0
DA:830,0
DA:832,0
DA:840,0
DA:841,0
DA:842,0
DA:843,0
DA:846,0
DA:847,0
DA:848,0
DA:851,0
DA:852,0
DA:853,0
DA:854,0
DA:855,0
DA:856,0
DA:859,0
DA:860,0
DA:862,0
DA:863,0
DA:864,0
DA:865,0
DA:866,0
DA:867,0
DA:868,0
DA:869,0
DA:870,0
DA:871,0
DA:874,0
DA:876,0
LF:180
LH:129
BRDA:49,0,0,29
BRDA:93,1,0,1
BRDA:100,2,0,1
BRDA:107,3,0,1
BRDA:118,4,0,2
BRDA:118,4,1,2
BRDA:131,5,0,2
BRDA:131,5,1,2
BRDA:132,6,0,2
BRDA:132,6,1,2
BRDA:133,7,0,2
BRDA:133,7,1,2
BRDA:134,8,0,0
BRDA:134,8,1,2
BRDA:167,9,0,1
BRDA:167,9,1,1
BRDA:168,10,0,1
BRDA:168,10,1,1
BRDA:169,11,0,1
BRDA:169,11,1,1
BRDA:170,12,0,0
BRDA:170,12,1,1
BRDA:214,13,0,0
BRDA:215,14,0,0
BRDA:220,15,0,3
BRDA:220,15,1,2
BRDA:223,16,0,3
BRDA:223,16,1,1
BRDA:229,17,0,1
BRDA:230,18,0,0
BRDA:231,19,0,0
BRDA:232,20,0,0
BRDA:233,21,0,0
BRDA:233,22,0,3
BRDA:233,22,1,3
BRDA:235,23,0,0
BRDA:236,24,0,0
BRDA:277,25,0,1
BRDA:289,26,0,1
BRDA:289,26,1,1
BRDA:316,27,0,1
BRDA:328,28,0,1
BRDA:328,28,1,0
BRDA:328,28,2,0
BRDA:355,29,0,0
BRDA:357,30,0,0
BRDA:365,31,0,0
BRDA:365,32,0,2
BRDA:369,33,0,0
BRDA:370,34,0,0
BRDA:392,35,0,1
BRDA:392,35,1,1
BRDA:416,36,0,1
BRDA:416,37,0,3
BRDA:416,37,1,2
BRDA:416,37,2,2
BRDA:423,38,0,1
BRDA:423,39,0,2
BRDA:423,39,1,1
BRDA:423,39,2,1
BRDA:460,40,0,2
BRDA:462,41,0,1
BRDA:462,42,0,2
BRDA:462,42,1,1
BRDA:477,43,0,0
BRDA:478,44,0,0
BRDA:479,45,0,0
BRDA:480,46,0,0
BRDA:481,47,0,0
BRDA:481,48,0,1
BRDA:481,48,1,1
BRDA:483,49,0,0
BRDA:484,50,0,0
BRDA:521,51,0,0
BRDA:534,52,0,1
BRDA:540,53,0,1
BRDA:602,54,0,0
BRDA:611,55,0,1
BRDA:651,56,0,1
BRDA:651,57,0,2
BRDA:651,57,1,1
BRDA:690,58,0,1
BRDA:690,59,0,2
BRDA:690,59,1,2
BRDA:699,60,0,0
BRDA:712,61,0,3
BRDA:712,61,1,3
BRDA:722,62,0,3
BRDA:722,62,1,3
BRDA:723,63,0,3
BRDA:723,63,1,3
BRDA:724,64,0,3
BRDA:724,64,1,3
BRDA:725,65,0,0
BRDA:725,65,1,3
BRDA:754,66,0,4
BRDA:754,66,1,0
BRDA:759,67,0,4
BRDA:759,67,1,2
BRDA:761,68,0,4
BRDA:761,68,1,4
BRDA:762,69,0,4
BRDA:762,69,1,4
BRDA:763,70,0,4
BRDA:763,70,1,4
BRDA:764,71,0,0
BRDA:764,71,1,4
BRDA:768,72,0,4
BRDA:768,72,1,3
BRDA:777,73,0,2
BRDA:777,74,0,3
BRDA:777,74,1,1
BRDA:785,75,0,0
BRDA:789,76,0,0
BRDA:792,77,0,1
BRDA:792,77,1,0
BRDA:796,78,0,1
BRDA:796,78,1,0
BRDA:802,79,0,0
BRDA:803,80,0,0
BRDA:829,81,0,0
BRDA:829,82,0,0
BRDA:829,82,1,0
BRDA:829,82,2,0
BRDA:860,83,0,0
BRDA:868,84,0,0
BRDA:868,84,1,0
BRF:127
BRH:84
end_of_record
TN:
SF:src/utils/audit-helpers.ts
FN:30,diffChanges
FN:96,maskSensitiveData
FN:116,(anonymous_3)
FN:162,generateChangesSummary
FN:180,truncateValue
FN:213,getClientIp
FN:250,getUserAgent
FN:270,generateAuditId
FNF:8
FNH:5
FNDA:0,diffChanges
FNDA:6,maskSensitiveData
FNDA:36,(anonymous_3)
FNDA:5,generateChangesSummary
FNDA:2,truncateValue
FNDA:0,getClientIp
FNDA:0,getUserAgent
FNDA:7,generateAuditId
DA:5,1
DA:30,1
DA:35,0
DA:38,0
DA:43,0
DA:45,0
DA:47,0
DA:48,0
DA:51,0
DA:54,0
DA:55,0
DA:59,0
DA:96,1
DA:101,6
DA:111,6
DA:112,6
DA:114,6
DA:116,36
DA:117,0
DA:120,3
DA:126,1
DA:130,2
DA:134,6
DA:162,1
DA:166,5
DA:168,5
DA:169,1
DA:170,1
DA:171,1
DA:174,5
DA:182,2
DA:183,2
DA:213,1
DA:215,0
DA:216,0
DA:217,0
DA:221,0
DA:222,0
DA:225,0
DA:250,1
DA:251,0
DA:270,1
DA:271,7
LF:43
LH:25
BRDA:33,0,0,0
BRDA:39,1,0,0
BRDA:39,1,1,0
BRDA:40,2,0,0
BRDA:40,2,1,0
BRDA:45,3,0,0
BRDA:51,4,0,0
BRDA:54,5,0,0
BRDA:98,6,0,0
BRDA:116,7,0,0
BRDA:116,7,1,3
BRDA:120,8,0,1
BRDA:120,8,1,2
BRDA:121,9,0,3
BRDA:121,9,1,2
BRDA:121,9,2,1
BRDA:121,9,3,1
BRDA:164,10,0,5
BRDA:182,11,0,1
BRDA:182,11,1,1
BRDA:182,12,0,1
BRDA:182,12,1,0
BRDA:183,13,0,0
BRDA:183,13,1,2
BRDA:216,14,0,0
BRDA:222,15,0,0
BRDA:226,16,0,0
BRDA:226,16,1,0
BRDA:226,16,2,0
BRDA:226,16,3,0
BRDA:251,17,0,0
BRDA:251,17,1,0
BRF:32
BRH:12
end_of_record
